                                  class_id rad_id  ...      coco_w      coco_h
image_id                                           ...                        
50a418190bc3fb1ef1633bf9678929b3        14    wbf  ...    0.500000    0.500000
21a10246a5ec7af151081d0cd6d65dc9        14    wbf  ...    0.500000    0.500000
9a5094b2563a1ef3ff50dc5c7ff71345         3    wbf  ...  476.553877  194.337883
9a5094b2563a1ef3ff50dc5c7ff71345         0    wbf  ...  121.600000  110.027397
9a5094b2563a1ef3ff50dc5c7ff71345        11    wbf  ...   42.338462  115.287671
...                                    ...    ...  ...         ...         ...
7c0ddf911bdb68fca14d7172486827cb        14    wbf  ...    0.500000    0.500000
209e3a5c73c1195d805dd25d086b3c6d        14    wbf  ...    0.500000    0.500000
1bea772246421c37929f8cbc43dba729        14    wbf  ...    0.500000    0.500000
ae86eabab95525b41b8e79883ff1cef9        14    wbf  ...    0.500000    0.500000
839b2311ffad9bdd9aa98c74aad6e251        14    wbf  ...    0.500000    0.500000

[41386 rows x 11 columns]
Number of files in annotations: 3000
Number of files in predictions: 3000
Unique classes: 15
Detections length: 3000
Annotations length: 3000
Aortic enlargement             | 0.036750 |    1045
Atelectasis                    | 0.000000 |      39
Calcification                  | 0.000000 |     159
Cardiomegaly                   | 0.044970 |     731
Consolidation                  | 0.000000 |      77
ILD                            | 0.000000 |     179
Infiltration                   | 0.000000 |     242
Lung Opacity                   | 0.001340 |     442
No Finding                     | 0.715466 |    2146
Nodule/Mass                    | 0.000008 |     394
Other lesion                   | 0.000000 |     418
Pleural effusion               | 0.000157 |     454
Pleural thickening             | 0.000357 |     931
Pneumothorax                   | 0.000000 |      37
Pulmonary fibrosis             | 0.001079 |     819
mAP: 0.053342
mean_ap : 0.05334178769925491
average_precisions : {'Aortic enlargement': (0.036750004287665484, 1045.0), 'Atelectasis': (0.0, 39.0), 'Calcification': (0.0, 159.0), 'Cardiomegaly': (0.04496978234112865, 731.0), 'Consolidation': (0.0, 77.0), 'ILD': (0.0, 179.0), 'Infiltration': (0.0, 242.0), 'Lung Opacity': (0.0013401749430423794, 442.0), 'No Finding': (0.7154659832246041, 2146.0), 'Nodule/Mass': (7.758779851113766e-06, 394.0), 'Other lesion': (0.0, 418.0), 'Pleural effusion': (0.0001572133305080406, 454.0), 'Pleural thickening': (0.00035732461487894573, 931.0), 'Pneumothorax': (0.0, 37.0), 'Pulmonary fibrosis': (0.0010785739671450173, 819.0)}
|EPOCH 1| TRAIN_LOSS 1.8817904158567007| VALID_LOSS 1.0280835764209428|
Best model found for Fold 0 in Epoch 1........Saving Model
|EPOCH 2| TRAIN_LOSS 1.6933603489198363| VALID_LOSS 1.0280835764209428|
Number of files in annotations: 3000
Number of files in predictions: 3000
Unique classes: 15
Detections length: 3000
Annotations length: 3000
Aortic enlargement             | 0.225259 |    1045
Atelectasis                    | 0.051282 |      39
Calcification                  | 0.000000 |     159
Cardiomegaly                   | 0.418130 |     731
Consolidation                  | 0.021027 |      77
ILD                            | 0.012309 |     179
Infiltration                   | 0.021334 |     242
Lung Opacity                   | 0.022680 |     442
No Finding                     | 0.785112 |    2146
Nodule/Mass                    | 0.000041 |     394
Other lesion                   | 0.001801 |     418
Pleural effusion               | 0.048941 |     454
Pleural thickening             | 0.016192 |     931
Pneumothorax                   | 0.000000 |      37
Pulmonary fibrosis             | 0.005045 |     819
mAP: 0.108610
mean_ap : 0.1086101364738201
average_precisions : {'Aortic enlargement': (0.22525906583794306, 1045.0), 'Atelectasis': (0.05128205128205128, 39.0), 'Calcification': (0.0, 159.0), 'Cardiomegaly': (0.4181300044169173, 731.0), 'Consolidation': (0.021026592455163882, 77.0), 'ILD': (0.012308635459575558, 179.0), 'Infiltration': (0.021333986832773905, 242.0), 'Lung Opacity': (0.022679755442326345, 442.0), 'No Finding': (0.785112447758819, 2146.0), 'Nodule/Mass': (4.128543664046278e-05, 394.0), 'Other lesion': (0.0018005512022382189, 418.0), 'Pleural effusion': (0.04894083143734165, 454.0), 'Pleural thickening': (0.016192192955251344, 931.0), 'Pneumothorax': (0.0, 37.0), 'Pulmonary fibrosis': (0.005044646590259129, 819.0)}
|EPOCH 3| TRAIN_LOSS 1.5238095444555466| VALID_LOSS 0.878766447554032|
Best model found for Fold 0 in Epoch 3........Saving Model
|EPOCH 4| TRAIN_LOSS 1.4100750333271348| VALID_LOSS 0.878766447554032|
Number of files in annotations: 3000
Number of files in predictions: 3000
Unique classes: 15
Detections length: 3000
Annotations length: 3000
Aortic enlargement             | 0.317158 |    1045
Atelectasis                    | 0.100664 |      39
Calcification                  | 0.001037 |     159
Cardiomegaly                   | 0.162288 |     731
Consolidation                  | 0.049027 |      77
ILD                            | 0.031300 |     179
Infiltration                   | 0.038201 |     242
Lung Opacity                   | 0.056118 |     442
No Finding                     | 0.982322 |    2146
Nodule/Mass                    | 0.000849 |     394
Other lesion                   | 0.009304 |     418
Pleural effusion               | 0.101688 |     454
Pleural thickening             | 0.038613 |     931
Pneumothorax                   | 0.000000 |      37
Pulmonary fibrosis             | 0.015966 |     819
mAP: 0.126969
mean_ap : 0.12696890468808467
average_precisions : {'Aortic enlargement': (0.3171575673667939, 1045.0), 'Atelectasis': (0.10066443068924458, 39.0), 'Calcification': (0.0010374116579135058, 159.0), 'Cardiomegaly': (0.16228843300162615, 731.0), 'Consolidation': (0.0490268093868159, 77.0), 'ILD': (0.03129961692118792, 179.0), 'Infiltration': (0.038200504791308196, 242.0), 'Lung Opacity': (0.0561177098265896, 442.0), 'No Finding': (0.9823223411090283, 2146.0), 'Nodule/Mass': (0.0008485596951845903, 394.0), 'Other lesion': (0.009303621448469381, 418.0), 'Pleural effusion': (0.10168792927674511, 454.0), 'Pleural thickening': (0.038612998147867006, 931.0), 'Pneumothorax': (0.0, 37.0), 'Pulmonary fibrosis': (0.015965637002496025, 819.0)}
|EPOCH 5| TRAIN_LOSS 1.3199709439560627| VALID_LOSS 0.567933334261179|
Best model found for Fold 0 in Epoch 5........Saving Model
|EPOCH 6| TRAIN_LOSS 1.2221633973674706| VALID_LOSS 0.567933334261179|
Number of files in annotations: 3000
Number of files in predictions: 3000
Unique classes: 15
Detections length: 3000
Annotations length: 3000
Aortic enlargement             | 0.381474 |    1045
Atelectasis                    | 0.087112 |      39
Calcification                  | 0.003407 |     159
Cardiomegaly                   | 0.189881 |     731
Consolidation                  | 0.093513 |      77
ILD                            | 0.060649 |     179
Infiltration                   | 0.073072 |     242
Lung Opacity                   | 0.074391 |     442
No Finding                     | 0.984374 |    2146
Nodule/Mass                    | 0.014163 |     394
Other lesion                   | 0.014825 |     418
Pleural effusion               | 0.139928 |     454
Pleural thickening             | 0.057685 |     931
Pneumothorax                   | 0.000000 |      37
Pulmonary fibrosis             | 0.051841 |     819
mAP: 0.148421
mean_ap : 0.14842110381922893
average_precisions : {'Aortic enlargement': (0.381474416580737, 1045.0), 'Atelectasis': (0.08711201079622131, 39.0), 'Calcification': (0.0034074934169578963, 159.0), 'Cardiomegaly': (0.18988065402079693, 731.0), 'Consolidation': (0.09351322579622254, 77.0), 'ILD': (0.06064930023119254, 179.0), 'Infiltration': (0.07307212991574594, 242.0), 'Lung Opacity': (0.07439059970360448, 442.0), 'No Finding': (0.9843741267797173, 2146.0), 'Nodule/Mass': (0.014163473918970224, 394.0), 'Other lesion': (0.014824976100772706, 418.0), 'Pleural effusion': (0.13992830027618053, 454.0), 'Pleural thickening': (0.057684547151333844, 931.0), 'Pneumothorax': (0.0, 37.0), 'Pulmonary fibrosis': (0.051841302599980654, 819.0)}
|EPOCH 7| TRAIN_LOSS 1.1316246625859863| VALID_LOSS 0.5457496463457744|
Best model found for Fold 0 in Epoch 7........Saving Model
|EPOCH 8| TRAIN_LOSS 1.0548326212769517| VALID_LOSS 0.5457496463457744|
Number of files in annotations: 3000
Number of files in predictions: 3000
Unique classes: 15
Detections length: 3000
Annotations length: 3000
Aortic enlargement             | 0.436027 |    1045
Atelectasis                    | 0.112084 |      39
Calcification                  | 0.013303 |     159
Cardiomegaly                   | 0.201303 |     731
Consolidation                  | 0.081281 |      77
ILD                            | 0.092278 |     179
Infiltration                   | 0.079713 |     242
Lung Opacity                   | 0.088578 |     442
No Finding                     | 0.985780 |    2146
Nodule/Mass                    | 0.021202 |     394
Other lesion                   | 0.018473 |     418
Pleural effusion               | 0.159593 |     454
Pleural thickening             | 0.105930 |     931
Pneumothorax                   | 0.001040 |      37
Pulmonary fibrosis             | 0.069861 |     819
mAP: 0.164430
mean_ap : 0.1644296859178625
average_precisions : {'Aortic enlargement': (0.43602685849668865, 1045.0), 'Atelectasis': (0.11208361007816545, 39.0), 'Calcification': (0.013302522969551736, 159.0), 'Cardiomegaly': (0.20130304198098714, 731.0), 'Consolidation': (0.08128109064805729, 77.0), 'ILD': (0.0922777061181335, 179.0), 'Infiltration': (0.07971336417368287, 242.0), 'Lung Opacity': (0.08857772929365296, 442.0), 'No Finding': (0.9857801973549649, 2146.0), 'Nodule/Mass': (0.02120239200487935, 394.0), 'Other lesion': (0.018472809250398448, 418.0), 'Pleural effusion': (0.15959260660489483, 454.0), 'Pleural thickening': (0.10593038411456335, 931.0), 'Pneumothorax': (0.0010395010395010396, 37.0), 'Pulmonary fibrosis': (0.06986147463981615, 819.0)}
|EPOCH 9| TRAIN_LOSS 0.9672261969069951| VALID_LOSS 0.7002717177681624|
Best model found for Fold 0 in Epoch 9........Saving Model
|EPOCH 10| TRAIN_LOSS 0.8899982205054794| VALID_LOSS 0.7002717177681624|
Number of files in annotations: 3000
Number of files in predictions: 3000
Unique classes: 15
Detections length: 3000
Annotations length: 3000
Aortic enlargement             | 0.480226 |    1045
Atelectasis                    | 0.175426 |      39
Calcification                  | 0.015080 |     159
Cardiomegaly                   | 0.280175 |     731
Consolidation                  | 0.072941 |      77
ILD                            | 0.068765 |     179
Infiltration                   | 0.093369 |     242
Lung Opacity                   | 0.101128 |     442
No Finding                     | 0.989100 |    2146
Nodule/Mass                    | 0.035556 |     394
Other lesion                   | 0.025008 |     418
Pleural effusion               | 0.148203 |     454
Pleural thickening             | 0.113341 |     931
Pneumothorax                   | 0.019305 |      37
Pulmonary fibrosis             | 0.080919 |     819
mAP: 0.179903
mean_ap : 0.17990275274062703
average_precisions : {'Aortic enlargement': (0.4802261249655959, 1045.0), 'Atelectasis': (0.1754259231634797, 39.0), 'Calcification': (0.01508047897949751, 159.0), 'Cardiomegaly': (0.28017475982061746, 731.0), 'Consolidation': (0.07294114177074315, 77.0), 'ILD': (0.06876531798001899, 179.0), 'Infiltration': (0.09336890112616988, 242.0), 'Lung Opacity': (0.10112771710468327, 442.0), 'No Finding': (0.9891003105083818, 2146.0), 'Nodule/Mass': (0.03555561562942454, 394.0), 'Other lesion': (0.02500773838147298, 418.0), 'Pleural effusion': (0.14820283835062098, 454.0), 'Pleural thickening': (0.11334061879567689, 931.0), 'Pneumothorax': (0.019305019305019305, 37.0), 'Pulmonary fibrosis': (0.08091878522800336, 819.0)}
|EPOCH 11| TRAIN_LOSS 0.8296599188980718| VALID_LOSS 0.6899667061120272|
Best model found for Fold 0 in Epoch 11........Saving Model
|EPOCH 12| TRAIN_LOSS 0.7684622154857677| VALID_LOSS 0.6899667061120272|
Number of files in annotations: 3000
Number of files in predictions: 3000
Unique classes: 15
Detections length: 3000
Annotations length: 3000
Aortic enlargement             | 0.462926 |    1045
Atelectasis                    | 0.168798 |      39
Calcification                  | 0.025442 |     159
Cardiomegaly                   | 0.290413 |     731
Consolidation                  | 0.092634 |      77
ILD                            | 0.090517 |     179
Infiltration                   | 0.084237 |     242
Lung Opacity                   | 0.085400 |     442
No Finding                     | 0.990035 |    2146
Nodule/Mass                    | 0.043483 |     394
Other lesion                   | 0.032131 |     418
Pleural effusion               | 0.173075 |     454
Pleural thickening             | 0.139912 |     931
Pneumothorax                   | 0.010053 |      37
Pulmonary fibrosis             | 0.080093 |     819
mAP: 0.184610
mean_ap : 0.18460991350859546
average_precisions : {'Aortic enlargement': (0.46292558081815915, 1045.0), 'Atelectasis': (0.16879801110570342, 39.0), 'Calcification': (0.025441742387061338, 159.0), 'Cardiomegaly': (0.29041323618616083, 731.0), 'Consolidation': (0.09263438375364817, 77.0), 'ILD': (0.09051725743366133, 179.0), 'Infiltration': (0.08423702633129317, 242.0), 'Lung Opacity': (0.08540038857197349, 442.0), 'No Finding': (0.9900347453267522, 2146.0), 'Nodule/Mass': (0.04348297613427144, 394.0), 'Other lesion': (0.0321311806676523, 418.0), 'Pleural effusion': (0.17307451312310462, 454.0), 'Pleural thickening': (0.13991155482460604, 931.0), 'Pneumothorax': (0.01005325749571274, 37.0), 'Pulmonary fibrosis': (0.08009284846917203, 819.0)}
|EPOCH 13| TRAIN_LOSS 0.7170480389649478| VALID_LOSS 0.5527292139679193|
Best model found for Fold 0 in Epoch 13........Saving Model
|EPOCH 14| TRAIN_LOSS 0.65647750237885| VALID_LOSS 0.5527292139679193|
Number of files in annotations: 3000
Number of files in predictions: 3000
Unique classes: 15
Detections length: 3000
Annotations length: 3000
Aortic enlargement             | 0.473714 |    1045
Atelectasis                    | 0.154021 |      39
Calcification                  | 0.025082 |     159
Cardiomegaly                   | 0.313628 |     731
Consolidation                  | 0.099746 |      77
ILD                            | 0.090733 |     179
Infiltration                   | 0.089880 |     242
Lung Opacity                   | 0.078936 |     442
No Finding                     | 0.988067 |    2146
Nodule/Mass                    | 0.045196 |     394
Other lesion                   | 0.028040 |     418
Pleural effusion               | 0.176235 |     454
Pleural thickening             | 0.136182 |     931
Pneumothorax                   | 0.027646 |      37
Pulmonary fibrosis             | 0.080787 |     819
mAP: 0.187193
mean_ap : 0.18719285486093398
average_precisions : {'Aortic enlargement': (0.4737135847075487, 1045.0), 'Atelectasis': (0.15402096605965826, 39.0), 'Calcification': (0.02508249443802267, 159.0), 'Cardiomegaly': (0.3136281989843126, 731.0), 'Consolidation': (0.09974599463190481, 77.0), 'ILD': (0.09073313346847647, 179.0), 'Infiltration': (0.0898795001640918, 242.0), 'Lung Opacity': (0.0789360445204702, 442.0), 'No Finding': (0.9880672362019389, 2146.0), 'Nodule/Mass': (0.045196245103745994, 394.0), 'Other lesion': (0.02803982559772973, 418.0), 'Pleural effusion': (0.17623523254720883, 454.0), 'Pleural thickening': (0.13618179895084764, 931.0), 'Pneumothorax': (0.02764605868757092, 37.0), 'Pulmonary fibrosis': (0.08078650885048203, 819.0)}
|EPOCH 15| TRAIN_LOSS 0.617440506335921| VALID_LOSS 0.505048762443165|
Best model found for Fold 0 in Epoch 15........Saving Model
|EPOCH 16| TRAIN_LOSS 0.5730119148126015| VALID_LOSS 0.505048762443165|
Number of files in annotations: 3000
Number of files in predictions: 3000
Unique classes: 15
Detections length: 3000
Annotations length: 3000
Aortic enlargement             | 0.458364 |    1045
Atelectasis                    | 0.145664 |      39
Calcification                  | 0.024779 |     159
Cardiomegaly                   | 0.318377 |     731
Consolidation                  | 0.109333 |      77
ILD                            | 0.075807 |     179
Infiltration                   | 0.102457 |     242
Lung Opacity                   | 0.079949 |     442
No Finding                     | 0.990087 |    2146
Nodule/Mass                    | 0.054420 |     394
Other lesion                   | 0.033598 |     418
Pleural effusion               | 0.177622 |     454
Pleural thickening             | 0.138296 |     931
Pneumothorax                   | 0.018448 |      37
Pulmonary fibrosis             | 0.084016 |     819
mAP: 0.187414
mean_ap : 0.18741439669780766
average_precisions : {'Aortic enlargement': (0.4583639446324908, 1045.0), 'Atelectasis': (0.14566358729254655, 39.0), 'Calcification': (0.024779421524300568, 159.0), 'Cardiomegaly': (0.31837724633420733, 731.0), 'Consolidation': (0.10933283446856451, 77.0), 'ILD': (0.0758068648560832, 179.0), 'Infiltration': (0.10245656355129047, 242.0), 'Lung Opacity': (0.07994868512567711, 442.0), 'No Finding': (0.9900871896255352, 2146.0), 'Nodule/Mass': (0.05441988143236658, 394.0), 'Other lesion': (0.03359815847676899, 418.0), 'Pleural effusion': (0.17762179128095218, 454.0), 'Pleural thickening': (0.1382959289333485, 931.0), 'Pneumothorax': (0.018447517284726586, 37.0), 'Pulmonary fibrosis': (0.08401633564825667, 819.0)}
|EPOCH 17| TRAIN_LOSS 0.5411289649728972| VALID_LOSS 0.5459494029122094|
Best model found for Fold 0 in Epoch 17........Saving Model
|EPOCH 18| TRAIN_LOSS 0.5059191935982269| VALID_LOSS 0.5459494029122094|
Number of files in annotations: 3000
Number of files in predictions: 3000
Unique classes: 15
Detections length: 3000
Annotations length: 3000
Aortic enlargement             | 0.455490 |    1045
Atelectasis                    | 0.162408 |      39
Calcification                  | 0.024962 |     159
Cardiomegaly                   | 0.369502 |     731
Consolidation                  | 0.117886 |      77
ILD                            | 0.079602 |     179
Infiltration                   | 0.100363 |     242
Lung Opacity                   | 0.088742 |     442
No Finding                     | 0.988798 |    2146
Nodule/Mass                    | 0.048001 |     394
Other lesion                   | 0.033926 |     418
Pleural effusion               | 0.190719 |     454
Pleural thickening             | 0.126297 |     931
Pneumothorax                   | 0.035985 |      37
Pulmonary fibrosis             | 0.084070 |     819
mAP: 0.193783
mean_ap : 0.19378339023812272
average_precisions : {'Aortic enlargement': (0.4554904358798938, 1045.0), 'Atelectasis': (0.16240842490842494, 39.0), 'Calcification': (0.024961966032630522, 159.0), 'Cardiomegaly': (0.36950151985110663, 731.0), 'Consolidation': (0.11788607308648434, 77.0), 'ILD': (0.07960206733429544, 179.0), 'Infiltration': (0.10036266440140842, 242.0), 'Lung Opacity': (0.08874181718937094, 442.0), 'No Finding': (0.9887982686530177, 2146.0), 'Nodule/Mass': (0.0480012657403045, 394.0), 'Other lesion': (0.033926494057828084, 418.0), 'Pleural effusion': (0.19071886679337097, 454.0), 'Pleural thickening': (0.126296766565864, 931.0), 'Pneumothorax': (0.03598455598455599, 37.0), 'Pulmonary fibrosis': (0.08406966709328398, 819.0)}
|EPOCH 19| TRAIN_LOSS 0.4800262306709416| VALID_LOSS 0.5018363462972144|
Best model found for Fold 0 in Epoch 19........Saving Model
|EPOCH 20| TRAIN_LOSS 0.45244831738706964| VALID_LOSS 0.5018363462972144|
Number of files in annotations: 3000
Number of files in predictions: 3000
Unique classes: 15
Detections length: 3000
Annotations length: 3000
Aortic enlargement             | 0.464958 |    1045
Atelectasis                    | 0.135101 |      39
Calcification                  | 0.031189 |     159
Cardiomegaly                   | 0.376064 |     731
Consolidation                  | 0.120945 |      77
ILD                            | 0.071569 |     179
Infiltration                   | 0.122002 |     242
Lung Opacity                   | 0.080051 |     442
No Finding                     | 0.982518 |    2146
Nodule/Mass                    | 0.051399 |     394
Other lesion                   | 0.018362 |     418
Pleural effusion               | 0.197137 |     454
Pleural thickening             | 0.124283 |     931
Pneumothorax                   | 0.033598 |      37
Pulmonary fibrosis             | 0.089123 |     819
mAP: 0.193220
mean_ap : 0.19321980989342244
average_precisions : {'Aortic enlargement': (0.4649581240841542, 1045.0), 'Atelectasis': (0.13510094556606184, 39.0), 'Calcification': (0.031188692334063486, 159.0), 'Cardiomegaly': (0.376063741891888, 731.0), 'Consolidation': (0.1209449605122333, 77.0), 'ILD': (0.07156852512058838, 179.0), 'Infiltration': (0.12200164824653272, 242.0), 'Lung Opacity': (0.08005066606996741, 442.0), 'No Finding': (0.9825181035733688, 2146.0), 'Nodule/Mass': (0.051398882190300026, 394.0), 'Other lesion': (0.018361864044780962, 418.0), 'Pleural effusion': (0.19713724564039398, 454.0), 'Pleural thickening': (0.1242829142320017, 931.0), 'Pneumothorax': (0.03359752714591424, 37.0), 'Pulmonary fibrosis': (0.08912330774908686, 819.0)}
|EPOCH 21| TRAIN_LOSS 0.43241534268017856| VALID_LOSS 0.709801159063975|
|EPOCH 22| TRAIN_LOSS 0.41347156051689615| VALID_LOSS 0.709801159063975|
Number of files in annotations: 3000
Number of files in predictions: 3000
Unique classes: 15
Detections length: 3000
Annotations length: 3000
Aortic enlargement             | 0.450396 |    1045
Atelectasis                    | 0.110223 |      39
Calcification                  | 0.019638 |     159
Cardiomegaly                   | 0.383721 |     731
Consolidation                  | 0.147628 |      77
ILD                            | 0.090428 |     179
Infiltration                   | 0.106837 |     242
Lung Opacity                   | 0.084258 |     442
No Finding                     | 0.988606 |    2146
Nodule/Mass                    | 0.043411 |     394
Other lesion                   | 0.020943 |     418
Pleural effusion               | 0.192405 |     454
Pleural thickening             | 0.125588 |     931
Pneumothorax                   | 0.062217 |      37
Pulmonary fibrosis             | 0.088338 |     819
mAP: 0.194309
mean_ap : 0.19430912839873785
average_precisions : {'Aortic enlargement': (0.4503963476153745, 1045.0), 'Atelectasis': (0.11022311022311022, 39.0), 'Calcification': (0.01963754260680562, 159.0), 'Cardiomegaly': (0.38372093023255816, 731.0), 'Consolidation': (0.147628068477311, 77.0), 'ILD': (0.09042845535497149, 179.0), 'Infiltration': (0.10683690044411331, 242.0), 'Lung Opacity': (0.08425759186530132, 442.0), 'No Finding': (0.9886063735582308, 2146.0), 'Nodule/Mass': (0.043410896066218986, 394.0), 'Other lesion': (0.0209427197839571, 418.0), 'Pleural effusion': (0.19240499055410862, 454.0), 'Pleural thickening': (0.12558836856950062, 931.0), 'Pneumothorax': (0.06221676221676222, 37.0), 'Pulmonary fibrosis': (0.08833786841274295, 819.0)}
|EPOCH 23| TRAIN_LOSS 0.39802010638925894| VALID_LOSS 0.6226944952309131|
Best model found for Fold 0 in Epoch 23........Saving Model
|EPOCH 24| TRAIN_LOSS 0.3804526107349934| VALID_LOSS 0.6226944952309131|
Number of files in annotations: 3000
Number of files in predictions: 3000
Unique classes: 15
Detections length: 3000
Annotations length: 3000
Aortic enlargement             | 0.454159 |    1045
Atelectasis                    | 0.103397 |      39
Calcification                  | 0.043011 |     159
Cardiomegaly                   | 0.396686 |     731
Consolidation                  | 0.142016 |      77
ILD                            | 0.085365 |     179
Infiltration                   | 0.130452 |     242
Lung Opacity                   | 0.093107 |     442
No Finding                     | 0.986786 |    2146
Nodule/Mass                    | 0.055299 |     394
Other lesion                   | 0.022300 |     418
Pleural effusion               | 0.200485 |     454
Pleural thickening             | 0.130422 |     931
Pneumothorax                   | 0.030713 |      37
Pulmonary fibrosis             | 0.086673 |     819
mAP: 0.197391
mean_ap : 0.19739126833622392
average_precisions : {'Aortic enlargement': (0.4541594919042271, 1045.0), 'Atelectasis': (0.10339660339660339, 39.0), 'Calcification': (0.043010738205716784, 159.0), 'Cardiomegaly': (0.39668593338276187, 731.0), 'Consolidation': (0.14201578511810614, 77.0), 'ILD': (0.08536471502355543, 179.0), 'Infiltration': (0.1304520921890055, 242.0), 'Lung Opacity': (0.0931065327081581, 442.0), 'No Finding': (0.986786425443006, 2146.0), 'Nodule/Mass': (0.0552988362219432, 394.0), 'Other lesion': (0.022300155636045427, 418.0), 'Pleural effusion': (0.20048476148861893, 454.0), 'Pleural thickening': (0.13042185845469795, 931.0), 'Pneumothorax': (0.030712530712530717, 37.0), 'Pulmonary fibrosis': (0.08667256515838208, 819.0)}
|EPOCH 25| TRAIN_LOSS 0.36876772198682795| VALID_LOSS 0.6158630307813485|
Best model found for Fold 0 in Epoch 25........Saving Model
|EPOCH 26| TRAIN_LOSS 0.3536004124209285| VALID_LOSS 0.6158630307813485|
Number of files in annotations: 3000
Number of files in predictions: 3000
Unique classes: 15
Detections length: 3000
Annotations length: 3000
Aortic enlargement             | 0.479438 |    1045
Atelectasis                    | 0.102843 |      39
Calcification                  | 0.026648 |     159
Cardiomegaly                   | 0.395123 |     731
Consolidation                  | 0.104239 |      77
ILD                            | 0.097434 |     179
Infiltration                   | 0.113541 |     242
Lung Opacity                   | 0.102197 |     442
No Finding                     | 0.978087 |    2146
Nodule/Mass                    | 0.060750 |     394
Other lesion                   | 0.029039 |     418
Pleural effusion               | 0.206793 |     454
Pleural thickening             | 0.123461 |     931
Pneumothorax                   | 0.059025 |      37
Pulmonary fibrosis             | 0.097056 |     819
mAP: 0.198378
mean_ap : 0.19837841874921658
average_precisions : {'Aortic enlargement': (0.4794380122139774, 1045.0), 'Atelectasis': (0.1028428093645485, 39.0), 'Calcification': (0.02664776024276238, 159.0), 'Cardiomegaly': (0.3951231133409324, 731.0), 'Consolidation': (0.10423927063078496, 77.0), 'ILD': (0.09743448193772256, 179.0), 'Infiltration': (0.11354132444002246, 242.0), 'Lung Opacity': (0.10219723690849007, 442.0), 'No Finding': (0.9780873908371792, 2146.0), 'Nodule/Mass': (0.06074997125717792, 394.0), 'Other lesion': (0.029039462366107688, 418.0), 'Pleural effusion': (0.20679339340176145, 454.0), 'Pleural thickening': (0.12346102916250976, 931.0), 'Pneumothorax': (0.05902530096078484, 37.0), 'Pulmonary fibrosis': (0.09705572417348755, 819.0)}
|EPOCH 27| TRAIN_LOSS 0.3448422858169159| VALID_LOSS 0.6367354627524813|
Best model found for Fold 0 in Epoch 27........Saving Model
|EPOCH 28| TRAIN_LOSS 0.33313259740467543| VALID_LOSS 0.6367354627524813|
Number of files in annotations: 3000
Number of files in predictions: 3000
Unique classes: 15
Detections length: 3000
Annotations length: 3000
Aortic enlargement             | 0.469973 |    1045
Atelectasis                    | 0.090997 |      39
Calcification                  | 0.023309 |     159
Cardiomegaly                   | 0.417656 |     731
Consolidation                  | 0.143621 |      77
ILD                            | 0.099740 |     179
Infiltration                   | 0.119369 |     242
Lung Opacity                   | 0.096188 |     442
No Finding                     | 0.983049 |    2146
Nodule/Mass                    | 0.057371 |     394
Other lesion                   | 0.021680 |     418
Pleural effusion               | 0.205703 |     454
Pleural thickening             | 0.132474 |     931
Pneumothorax                   | 0.030465 |      37
Pulmonary fibrosis             | 0.095173 |     819
mAP: 0.199118
mean_ap : 0.19911776673100035
average_precisions : {'Aortic enlargement': (0.46997313173655103, 1045.0), 'Atelectasis': (0.09099657929089366, 39.0), 'Calcification': (0.023308745375251533, 159.0), 'Cardiomegaly': (0.4176560720375848, 731.0), 'Consolidation': (0.14362088641121912, 77.0), 'ILD': (0.09973985195035523, 179.0), 'Infiltration': (0.1193686701570442, 242.0), 'Lung Opacity': (0.09618828349223785, 442.0), 'No Finding': (0.9830492884859238, 2146.0), 'Nodule/Mass': (0.05737119043271033, 394.0), 'Other lesion': (0.021679961130721157, 418.0), 'Pleural effusion': (0.20570285961161827, 454.0), 'Pleural thickening': (0.132473770087856, 931.0), 'Pneumothorax': (0.030464675201517306, 37.0), 'Pulmonary fibrosis': (0.09517253556352079, 819.0)}
|EPOCH 29| TRAIN_LOSS 0.323258178613077| VALID_LOSS 0.713794171291093|
Best model found for Fold 0 in Epoch 29........Saving Model
|EPOCH 30| TRAIN_LOSS 0.31159831039392605| VALID_LOSS 0.713794171291093|
Number of files in annotations: 3000
Number of files in predictions: 3000
Unique classes: 15
Detections length: 3000
Annotations length: 3000
Aortic enlargement             | 0.483406 |    1045
Atelectasis                    | 0.107080 |      39
Calcification                  | 0.032708 |     159
Cardiomegaly                   | 0.406197 |     731
Consolidation                  | 0.140955 |      77
ILD                            | 0.081036 |     179
Infiltration                   | 0.116864 |     242
Lung Opacity                   | 0.091244 |     442
No Finding                     | 0.982364 |    2146
Nodule/Mass                    | 0.065530 |     394
Other lesion                   | 0.022249 |     418
Pleural effusion               | 0.218653 |     454
Pleural thickening             | 0.129671 |     931
Pneumothorax                   | 0.015878 |      37
Pulmonary fibrosis             | 0.095653 |     819
mAP: 0.199299
mean_ap : 0.19929909554626438
average_precisions : {'Aortic enlargement': (0.48340594150210403, 1045.0), 'Atelectasis': (0.10707982975189453, 39.0), 'Calcification': (0.03270811555662429, 159.0), 'Cardiomegaly': (0.4061966909611081, 731.0), 'Consolidation': (0.14095457438430348, 77.0), 'ILD': (0.08103642031721729, 179.0), 'Infiltration': (0.11686351945949922, 242.0), 'Lung Opacity': (0.09124412004003958, 442.0), 'No Finding': (0.9823640975756058, 2146.0), 'Nodule/Mass': (0.06552972158227201, 394.0), 'Other lesion': (0.02224916334733277, 418.0), 'Pleural effusion': (0.21865258108977845, 454.0), 'Pleural thickening': (0.12967052336069507, 931.0), 'Pneumothorax': (0.01587837837837838, 37.0), 'Pulmonary fibrosis': (0.09565275588711186, 819.0)}
|EPOCH 31| TRAIN_LOSS 0.30650191876249244| VALID_LOSS 0.6660274753794074|
Best model found for Fold 0 in Epoch 31........Saving Model
|EPOCH 32| TRAIN_LOSS 0.29874205271928356| VALID_LOSS 0.6660274753794074|
Number of files in annotations: 3000
Number of files in predictions: 3000
Unique classes: 15
Detections length: 3000
Annotations length: 3000
Aortic enlargement             | 0.475826 |    1045
Atelectasis                    | 0.111978 |      39
Calcification                  | 0.023712 |     159
Cardiomegaly                   | 0.416817 |     731
Consolidation                  | 0.100146 |      77
ILD                            | 0.090244 |     179
Infiltration                   | 0.116443 |     242
Lung Opacity                   | 0.084036 |     442
No Finding                     | 0.985646 |    2146
Nodule/Mass                    | 0.054901 |     394
Other lesion                   | 0.025337 |     418
Pleural effusion               | 0.206103 |     454
Pleural thickening             | 0.122196 |     931
Pneumothorax                   | 0.030022 |      37
Pulmonary fibrosis             | 0.101102 |     819
mAP: 0.196301
mean_ap : 0.1963006327401101
average_precisions : {'Aortic enlargement': (0.47582644332821933, 1045.0), 'Atelectasis': (0.11197808039913303, 39.0), 'Calcification': (0.02371159733177014, 159.0), 'Cardiomegaly': (0.4168174426965451, 731.0), 'Consolidation': (0.1001464820967395, 77.0), 'ILD': (0.09024355835390994, 179.0), 'Infiltration': (0.11644315940546633, 242.0), 'Lung Opacity': (0.08403637974502129, 442.0), 'No Finding': (0.9856455917314815, 2146.0), 'Nodule/Mass': (0.054900600842087866, 394.0), 'Other lesion': (0.025336990080932917, 418.0), 'Pleural effusion': (0.20610327930951197, 454.0), 'Pleural thickening': (0.12219599070561299, 931.0), 'Pneumothorax': (0.030022230022230024, 37.0), 'Pulmonary fibrosis': (0.10110166505298962, 819.0)}
|EPOCH 33| TRAIN_LOSS 0.29295637482920517| VALID_LOSS 0.7249590116788943|
|EPOCH 34| TRAIN_LOSS 0.2839700765836124| VALID_LOSS 0.7249590116788943|
Number of files in annotations: 3000
Number of files in predictions: 3000
Unique classes: 15
Detections length: 3000
Annotations length: 3000
Aortic enlargement             | 0.464097 |    1045
Atelectasis                    | 0.123513 |      39
Calcification                  | 0.019519 |     159
Cardiomegaly                   | 0.421303 |     731
Consolidation                  | 0.128211 |      77
ILD                            | 0.096847 |     179
Infiltration                   | 0.116162 |     242
Lung Opacity                   | 0.086214 |     442
No Finding                     | 0.986512 |    2146
Nodule/Mass                    | 0.056709 |     394
Other lesion                   | 0.023284 |     418
Pleural effusion               | 0.197830 |     454
Pleural thickening             | 0.126223 |     931
Pneumothorax                   | 0.043845 |      37
Pulmonary fibrosis             | 0.092331 |     819
mAP: 0.198840
mean_ap : 0.19884016331530904
average_precisions : {'Aortic enlargement': (0.4640973671636038, 1045.0), 'Atelectasis': (0.12351300116005999, 39.0), 'Calcification': (0.019519347473667233, 159.0), 'Cardiomegaly': (0.42130323549666726, 731.0), 'Consolidation': (0.12821147106861389, 77.0), 'ILD': (0.09684732257197694, 179.0), 'Infiltration': (0.1161623503085243, 242.0), 'Lung Opacity': (0.08621433879425484, 442.0), 'No Finding': (0.9865115258231948, 2146.0), 'Nodule/Mass': (0.056709067290941176, 394.0), 'Other lesion': (0.02328411738194227, 418.0), 'Pleural effusion': (0.19782986301381184, 454.0), 'Pleural thickening': (0.1262229660570845, 931.0), 'Pneumothorax': (0.04384547591069331, 37.0), 'Pulmonary fibrosis': (0.09233100021459895, 819.0)}
|EPOCH 35| TRAIN_LOSS 0.2798203025299769| VALID_LOSS 0.68308639518482|
|EPOCH 36| TRAIN_LOSS 0.27368861705673714| VALID_LOSS 0.68308639518482|
Number of files in annotations: 3000
Number of files in predictions: 3000
Unique classes: 15
Detections length: 3000
Annotations length: 3000
Aortic enlargement             | 0.473456 |    1045
Atelectasis                    | 0.117949 |      39
Calcification                  | 0.033892 |     159
Cardiomegaly                   | 0.422438 |     731
Consolidation                  | 0.125353 |      77
ILD                            | 0.075517 |     179
Infiltration                   | 0.130892 |     242
Lung Opacity                   | 0.083747 |     442
No Finding                     | 0.979896 |    2146
Nodule/Mass                    | 0.060348 |     394
Other lesion                   | 0.019735 |     418
Pleural effusion               | 0.189182 |     454
Pleural thickening             | 0.118832 |     931
Pneumothorax                   | 0.017568 |      37
Pulmonary fibrosis             | 0.103858 |     819
mAP: 0.196844
mean_ap : 0.19684419716772478
average_precisions : {'Aortic enlargement': (0.47345648139787355, 1045.0), 'Atelectasis': (0.11794871794871795, 39.0), 'Calcification': (0.03389204858916875, 159.0), 'Cardiomegaly': (0.42243835762123194, 731.0), 'Consolidation': (0.12535342124509405, 77.0), 'ILD': (0.07551711147375217, 179.0), 'Infiltration': (0.13089173053560318, 242.0), 'Lung Opacity': (0.08374686656695655, 442.0), 'No Finding': (0.9798955868275083, 2146.0), 'Nodule/Mass': (0.06034776450082097, 394.0), 'Other lesion': (0.019735451234512005, 418.0), 'Pleural effusion': (0.18918187840108686, 454.0), 'Pleural thickening': (0.1188321657991181, 931.0), 'Pneumothorax': (0.01756756756756757, 37.0), 'Pulmonary fibrosis': (0.1038578078068591, 819.0)}
|EPOCH 37| TRAIN_LOSS 0.27204124758808085| VALID_LOSS 0.6774010387857755|
|EPOCH 38| TRAIN_LOSS 0.26347923677128093| VALID_LOSS 0.6774010387857755|
Number of files in annotations: 3000
Number of files in predictions: 3000
Unique classes: 15
Detections length: 3000
Annotations length: 3000
Aortic enlargement             | 0.468445 |    1045
Atelectasis                    | 0.110256 |      39
Calcification                  | 0.019402 |     159
Cardiomegaly                   | 0.423997 |     731
Consolidation                  | 0.133480 |      77
ILD                            | 0.092271 |     179
Infiltration                   | 0.109925 |     242
Lung Opacity                   | 0.092835 |     442
No Finding                     | 0.983549 |    2146
Nodule/Mass                    | 0.048199 |     394
Other lesion                   | 0.024518 |     418
Pleural effusion               | 0.206695 |     454
Pleural thickening             | 0.126121 |     931
Pneumothorax                   | 0.040541 |      37
Pulmonary fibrosis             | 0.097846 |     819
mAP: 0.198539
mean_ap : 0.1985386417876463
average_precisions : {'Aortic enlargement': (0.4684447910603018, 1045.0), 'Atelectasis': (0.11025641025641025, 39.0), 'Calcification': (0.01940215426877756, 159.0), 'Cardiomegaly': (0.42399677871136354, 731.0), 'Consolidation': (0.13348027024863884, 77.0), 'ILD': (0.09227109965603915, 179.0), 'Infiltration': (0.10992503687663442, 242.0), 'Lung Opacity': (0.09283451063142088, 442.0), 'No Finding': (0.9835488184768079, 2146.0), 'Nodule/Mass': (0.048199270969815584, 394.0), 'Other lesion': (0.024518380557157163, 418.0), 'Pleural effusion': (0.20669454735534187, 454.0), 'Pleural thickening': (0.1261214184095189, 931.0), 'Pneumothorax': (0.04054054054054054, 37.0), 'Pulmonary fibrosis': (0.09784559879592633, 819.0)}
|EPOCH 39| TRAIN_LOSS 0.25927155467395024| VALID_LOSS 0.6871423573990663|
|EPOCH 40| TRAIN_LOSS 0.2556235751387878| VALID_LOSS 0.6871423573990663|
Number of files in annotations: 3000
Number of files in predictions: 3000
Unique classes: 15
Detections length: 3000
Annotations length: 3000
Aortic enlargement             | 0.463948 |    1045
Atelectasis                    | 0.076195 |      39
Calcification                  | 0.024894 |     159
Cardiomegaly                   | 0.424762 |     731
Consolidation                  | 0.118554 |      77
ILD                            | 0.092899 |     179
Infiltration                   | 0.115559 |     242
Lung Opacity                   | 0.089859 |     442
No Finding                     | 0.982819 |    2146
Nodule/Mass                    | 0.053609 |     394
Other lesion                   | 0.023753 |     418
Pleural effusion               | 0.193976 |     454
Pleural thickening             | 0.120901 |     931
Pneumothorax                   | 0.019751 |      37
Pulmonary fibrosis             | 0.098025 |     819
mAP: 0.193300
mean_ap : 0.19330017736492686
average_precisions : {'Aortic enlargement': (0.4639479804475404, 1045.0), 'Atelectasis': (0.0761951723490185, 39.0), 'Calcification': (0.02489426688989703, 159.0), 'Cardiomegaly': (0.4247618887407627, 731.0), 'Consolidation': (0.11855427558918465, 77.0), 'ILD': (0.09289928044918917, 179.0), 'Infiltration': (0.11555851916772009, 242.0), 'Lung Opacity': (0.08985868960077174, 442.0), 'No Finding': (0.982818877497678, 2146.0), 'Nodule/Mass': (0.053608622592714573, 394.0), 'Other lesion': (0.02375289239420612, 418.0), 'Pleural effusion': (0.19397598216635292, 454.0), 'Pleural thickening': (0.12090099239402499, 931.0), 'Pneumothorax': (0.01975051975051975, 37.0), 'Pulmonary fibrosis': (0.09802470044432224, 819.0)}
|EPOCH 41| TRAIN_LOSS 0.2507848101471049| VALID_LOSS 0.6910981663664182|
|EPOCH 42| TRAIN_LOSS 0.2471420022050062| VALID_LOSS 0.6910981663664182|
Number of files in annotations: 3000
Number of files in predictions: 2999
Unique classes: 15
Detections length: 2999
Annotations length: 3000
Aortic enlargement             | 0.464657 |    1045
Atelectasis                    | 0.078790 |      39
Calcification                  | 0.018714 |     159
Cardiomegaly                   | 0.420248 |     731
Consolidation                  | 0.103077 |      77
ILD                            | 0.088348 |     179
Infiltration                   | 0.120142 |     242
Lung Opacity                   | 0.081398 |     442
No Finding                     | 0.979773 |    2146
Nodule/Mass                    | 0.054065 |     394
Other lesion                   | 0.023366 |     418
Pleural effusion               | 0.209385 |     454
Pleural thickening             | 0.120816 |     931
Pneumothorax                   | 0.022285 |      37
Pulmonary fibrosis             | 0.098985 |     819
mAP: 0.192270
mean_ap : 0.19227003066215456
average_precisions : {'Aortic enlargement': (0.46465665220900365, 1045.0), 'Atelectasis': (0.07879049055519644, 39.0), 'Calcification': (0.01871393729474123, 159.0), 'Cardiomegaly': (0.4202478474289852, 731.0), 'Consolidation': (0.10307706381812186, 77.0), 'ILD': (0.08834797147571699, 179.0), 'Infiltration': (0.12014224562549985, 242.0), 'Lung Opacity': (0.08139839450251672, 442.0), 'No Finding': (0.9797726479466013, 2146.0), 'Nodule/Mass': (0.05406518604374299, 394.0), 'Other lesion': (0.02336619889049172, 418.0), 'Pleural effusion': (0.20938539172113743, 454.0), 'Pleural thickening': (0.12081584804959768, 931.0), 'Pneumothorax': (0.022285443338074917, 37.0), 'Pulmonary fibrosis': (0.09898514103289027, 819.0)}
|EPOCH 43| TRAIN_LOSS 0.2446231969936679| VALID_LOSS 0.6960423306251565|
|EPOCH 44| TRAIN_LOSS 0.2397194820187556| VALID_LOSS 0.6960423306251565|
Number of files in annotations: 3000
Number of files in predictions: 3000
Unique classes: 15
Detections length: 3000
Annotations length: 3000
Aortic enlargement             | 0.458020 |    1045
Atelectasis                    | 0.076078 |      39
Calcification                  | 0.022307 |     159
Cardiomegaly                   | 0.425058 |     731
Consolidation                  | 0.128929 |      77
ILD                            | 0.086500 |     179
Infiltration                   | 0.123172 |     242
Lung Opacity                   | 0.083734 |     442
No Finding                     | 0.980473 |    2146
Nodule/Mass                    | 0.050041 |     394
Other lesion                   | 0.025987 |     418
Pleural effusion               | 0.214800 |     454
Pleural thickening             | 0.115334 |     931
Pneumothorax                   | 0.034749 |      37
Pulmonary fibrosis             | 0.104073 |     819
mAP: 0.195284
mean_ap : 0.19528371258647445
average_precisions : {'Aortic enlargement': (0.4580197520435135, 1045.0), 'Atelectasis': (0.0760776662950576, 39.0), 'Calcification': (0.02230734347354179, 159.0), 'Cardiomegaly': (0.4250584836079294, 731.0), 'Consolidation': (0.12892933383560873, 77.0), 'ILD': (0.08649969148738061, 179.0), 'Infiltration': (0.12317231923622912, 242.0), 'Lung Opacity': (0.08373377303780796, 442.0), 'No Finding': (0.9804733959495402, 2146.0), 'Nodule/Mass': (0.050041004156192864, 394.0), 'Other lesion': (0.025986996173988728, 418.0), 'Pleural effusion': (0.21480040880159273, 454.0), 'Pleural thickening': (0.11533379811195654, 931.0), 'Pneumothorax': (0.03474903474903475, 37.0), 'Pulmonary fibrosis': (0.10407268783774197, 819.0)}
|EPOCH 45| TRAIN_LOSS 0.2374450917266166| VALID_LOSS 0.7064335949222247|
|EPOCH 46| TRAIN_LOSS 0.23482741456693754| VALID_LOSS 0.7064335949222247|
Number of files in annotations: 3000
Number of files in predictions: 2999
Unique classes: 15
Detections length: 2999
Annotations length: 3000
Aortic enlargement             | 0.461929 |    1045
Atelectasis                    | 0.093675 |      39
Calcification                  | 0.019381 |     159
Cardiomegaly                   | 0.428921 |     731
Consolidation                  | 0.117912 |      77
ILD                            | 0.099485 |     179
Infiltration                   | 0.123920 |     242
Lung Opacity                   | 0.082606 |     442
No Finding                     | 0.981506 |    2146
Nodule/Mass                    | 0.045028 |     394
Other lesion                   | 0.025030 |     418
Pleural effusion               | 0.206175 |     454
Pleural thickening             | 0.118348 |     931
Pneumothorax                   | 0.015444 |      37
Pulmonary fibrosis             | 0.095568 |     819
mAP: 0.194329
mean_ap : 0.19432854263842642
average_precisions : {'Aortic enlargement': (0.46192948513389187, 1045.0), 'Atelectasis': (0.09367521367521367, 39.0), 'Calcification': (0.019380948938528635, 159.0), 'Cardiomegaly': (0.42892132836091673, 731.0), 'Consolidation': (0.11791168251008281, 77.0), 'ILD': (0.09948483071451203, 179.0), 'Infiltration': (0.12391988587579542, 242.0), 'Lung Opacity': (0.0826056689115718, 442.0), 'No Finding': (0.981505749054814, 2146.0), 'Nodule/Mass': (0.04502810447964324, 394.0), 'Other lesion': (0.02503015594882696, 418.0), 'Pleural effusion': (0.2061751752507601, 454.0), 'Pleural thickening': (0.11834827336190555, 931.0), 'Pneumothorax': (0.015444015444015444, 37.0), 'Pulmonary fibrosis': (0.0955676219159182, 819.0)}
|EPOCH 47| TRAIN_LOSS 0.23290810670452908| VALID_LOSS 0.6892066988150278|
|EPOCH 48| TRAIN_LOSS 0.22985092149331018| VALID_LOSS 0.6892066988150278|
Number of files in annotations: 3000
Number of files in predictions: 2999
Unique classes: 15
Detections length: 2999
Annotations length: 3000
Aortic enlargement             | 0.464840 |    1045
Atelectasis                    | 0.066850 |      39
Calcification                  | 0.017281 |     159
Cardiomegaly                   | 0.437643 |     731
Consolidation                  | 0.114768 |      77
ILD                            | 0.096273 |     179
Infiltration                   | 0.102670 |     242
Lung Opacity                   | 0.079019 |     442
No Finding                     | 0.981681 |    2146
Nodule/Mass                    | 0.051095 |     394
Other lesion                   | 0.025571 |     418
Pleural effusion               | 0.207179 |     454
Pleural thickening             | 0.119386 |     931
Pneumothorax                   | 0.019949 |      37
Pulmonary fibrosis             | 0.107027 |     819
mAP: 0.192749
mean_ap : 0.19274886423097695
average_precisions : {'Aortic enlargement': (0.46484013622164044, 1045.0), 'Atelectasis': (0.06684981684981685, 39.0), 'Calcification': (0.017281052394932654, 159.0), 'Cardiomegaly': (0.4376428988568092, 731.0), 'Consolidation': (0.11476830415117874, 77.0), 'ILD': (0.0962729664519747, 179.0), 'Infiltration': (0.10266958058256162, 242.0), 'Lung Opacity': (0.07901946254626498, 442.0), 'No Finding': (0.9816814101435991, 2146.0), 'Nodule/Mass': (0.0510946292845045, 394.0), 'Other lesion': (0.025571143331773162, 418.0), 'Pleural effusion': (0.2071794413336983, 454.0), 'Pleural thickening': (0.1193863887939604, 931.0), 'Pneumothorax': (0.019948519948519948, 37.0), 'Pulmonary fibrosis': (0.10702721257341895, 819.0)}
|EPOCH 49| TRAIN_LOSS 0.22819135411141012| VALID_LOSS 0.6925617822905381|
|EPOCH 50| TRAIN_LOSS 0.2256253110889632| VALID_LOSS 0.6925617822905381|
Number of files in annotations: 3000
Number of files in predictions: 3000
Unique classes: 15
Detections length: 3000
Annotations length: 3000
Aortic enlargement             | 0.464301 |    1045
Atelectasis                    | 0.075369 |      39
Calcification                  | 0.014655 |     159
Cardiomegaly                   | 0.431360 |     731
Consolidation                  | 0.123706 |      77
ILD                            | 0.097359 |     179
Infiltration                   | 0.104446 |     242
Lung Opacity                   | 0.082801 |     442
No Finding                     | 0.982415 |    2146
Nodule/Mass                    | 0.049509 |     394
Other lesion                   | 0.020278 |     418
Pleural effusion               | 0.217622 |     454
Pleural thickening             | 0.111657 |     931
Pneumothorax                   | 0.008108 |      37
Pulmonary fibrosis             | 0.098034 |     819
mAP: 0.192108
mean_ap : 0.19210798987345298
average_precisions : {'Aortic enlargement': (0.46430078999758123, 1045.0), 'Atelectasis': (0.07536907536907536, 39.0), 'Calcification': (0.014655206343956154, 159.0), 'Cardiomegaly': (0.43136041212411086, 731.0), 'Consolidation': (0.12370581489291174, 77.0), 'ILD': (0.09735854905453041, 179.0), 'Infiltration': (0.10444558649471238, 242.0), 'Lung Opacity': (0.08280143919476009, 442.0), 'No Finding': (0.9824147914911414, 2146.0), 'Nodule/Mass': (0.04950864278048913, 394.0), 'Other lesion': (0.02027839610639967, 418.0), 'Pleural effusion': (0.21762209833970664, 454.0), 'Pleural thickening': (0.1116565830428127, 931.0), 'Pneumothorax': (0.008108108108108109, 37.0), 'Pulmonary fibrosis': (0.09803435476149919, 819.0)}
|EPOCH 51| TRAIN_LOSS 0.22391374552300056| VALID_LOSS 0.7064632841423154|
|EPOCH 52| TRAIN_LOSS 0.2210464007077882| VALID_LOSS 0.7064632841423154|
Number of files in annotations: 3000
Number of files in predictions: 3000
Unique classes: 15
Detections length: 3000
Annotations length: 3000
Aortic enlargement             | 0.469398 |    1045
Atelectasis                    | 0.102934 |      39
Calcification                  | 0.020404 |     159
Cardiomegaly                   | 0.431058 |     731
Consolidation                  | 0.105862 |      77
ILD                            | 0.094440 |     179
Infiltration                   | 0.117614 |     242
Lung Opacity                   | 0.078109 |     442
No Finding                     | 0.982170 |    2146
Nodule/Mass                    | 0.052756 |     394
Other lesion                   | 0.023029 |     418
Pleural effusion               | 0.187290 |     454
Pleural thickening             | 0.117767 |     931
Pneumothorax                   | 0.007207 |      37
Pulmonary fibrosis             | 0.096307 |     819
mAP: 0.192423
mean_ap : 0.19242291523377186
average_precisions : {'Aortic enlargement': (0.4693977180520872, 1045.0), 'Atelectasis': (0.10293410293410293, 39.0), 'Calcification': (0.02040380266590274, 159.0), 'Cardiomegaly': (0.43105783363426364, 731.0), 'Consolidation': (0.10586165456681668, 77.0), 'ILD': (0.09443993619689331, 179.0), 'Infiltration': (0.11761391637952798, 242.0), 'Lung Opacity': (0.07810888490415108, 442.0), 'No Finding': (0.9821704292761215, 2146.0), 'Nodule/Mass': (0.052756112177156006, 394.0), 'Other lesion': (0.023028506915885885, 418.0), 'Pleural effusion': (0.1872896147968099, 454.0), 'Pleural thickening': (0.11776659324731628, 931.0), 'Pneumothorax': (0.007207207207207207, 37.0), 'Pulmonary fibrosis': (0.09630741555233599, 819.0)}
|EPOCH 53| TRAIN_LOSS 0.22051536899346572| VALID_LOSS 0.7348988921940327|
|EPOCH 54| TRAIN_LOSS 0.2181360205805574| VALID_LOSS 0.7348988921940327|
Number of files in annotations: 3000
Number of files in predictions: 2999
Unique classes: 15
Detections length: 2999
Annotations length: 3000
Aortic enlargement             | 0.456483 |    1045
Atelectasis                    | 0.076923 |      39
Calcification                  | 0.017605 |     159
Cardiomegaly                   | 0.426819 |     731
Consolidation                  | 0.116406 |      77
ILD                            | 0.095000 |     179
Infiltration                   | 0.115525 |     242
Lung Opacity                   | 0.083530 |     442
No Finding                     | 0.983817 |    2146
Nodule/Mass                    | 0.051099 |     394
Other lesion                   | 0.019718 |     418
Pleural effusion               | 0.196558 |     454
Pleural thickening             | 0.109481 |     931
Pneumothorax                   | 0.009009 |      37
Pulmonary fibrosis             | 0.098876 |     819
mAP: 0.190457
mean_ap : 0.19045665616866608
average_precisions : {'Aortic enlargement': (0.4564834816341468, 1045.0), 'Atelectasis': (0.07692307692307693, 39.0), 'Calcification': (0.01760530318273177, 159.0), 'Cardiomegaly': (0.4268189482391117, 731.0), 'Consolidation': (0.11640597952969792, 77.0), 'ILD': (0.09499998442556677, 179.0), 'Infiltration': (0.11552476894105614, 242.0), 'Lung Opacity': (0.08352967141905102, 442.0), 'No Finding': (0.9838168433936842, 2146.0), 'Nodule/Mass': (0.05109901207307062, 394.0), 'Other lesion': (0.01971833625935508, 418.0), 'Pleural effusion': (0.19655811861107753, 454.0), 'Pleural thickening': (0.10948128454170848, 931.0), 'Pneumothorax': (0.009009009009009009, 37.0), 'Pulmonary fibrosis': (0.09887602434764681, 819.0)}
|EPOCH 55| TRAIN_LOSS 0.21643675425125716| VALID_LOSS 0.7159026363790035|
|EPOCH 56| TRAIN_LOSS 0.21456955413943013| VALID_LOSS 0.7159026363790035|
Number of files in annotations: 3000
Number of files in predictions: 2999
Unique classes: 15
Detections length: 2999
Annotations length: 3000
Aortic enlargement             | 0.460803 |    1045
Atelectasis                    | 0.087179 |      39
Calcification                  | 0.016734 |     159
Cardiomegaly                   | 0.423370 |     731
Consolidation                  | 0.128346 |      77
ILD                            | 0.099190 |     179
Infiltration                   | 0.116137 |     242
Lung Opacity                   | 0.080479 |     442
No Finding                     | 0.981478 |    2146
Nodule/Mass                    | 0.046262 |     394
Other lesion                   | 0.022784 |     418
Pleural effusion               | 0.208044 |     454
Pleural thickening             | 0.114014 |     931
Pneumothorax                   | 0.008784 |      37
Pulmonary fibrosis             | 0.096146 |     819
mAP: 0.192650
mean_ap : 0.19265004025694876
average_precisions : {'Aortic enlargement': (0.4608032437028448, 1045.0), 'Atelectasis': (0.08717948717948718, 39.0), 'Calcification': (0.01673382326567685, 159.0), 'Cardiomegaly': (0.42336955771114837, 731.0), 'Consolidation': (0.12834595198994048, 77.0), 'ILD': (0.09919029915090934, 179.0), 'Infiltration': (0.11613656655680388, 242.0), 'Lung Opacity': (0.08047897867739393, 442.0), 'No Finding': (0.9814783800581423, 2146.0), 'Nodule/Mass': (0.046261711579421806, 394.0), 'Other lesion': (0.022784333811772528, 418.0), 'Pleural effusion': (0.2080438496803881, 454.0), 'Pleural thickening': (0.1140144512811728, 931.0), 'Pneumothorax': (0.008783783783783784, 37.0), 'Pulmonary fibrosis': (0.09614618542534488, 819.0)}
|EPOCH 57| TRAIN_LOSS 0.21379470421144595| VALID_LOSS 0.718228671759367|
|EPOCH 58| TRAIN_LOSS 0.2121517774147483| VALID_LOSS 0.718228671759367|
Number of files in annotations: 3000
Number of files in predictions: 2999
Unique classes: 15
Detections length: 2999
Annotations length: 3000
Aortic enlargement             | 0.450013 |    1045
Atelectasis                    | 0.068864 |      39
Calcification                  | 0.016441 |     159
Cardiomegaly                   | 0.432623 |     731
Consolidation                  | 0.125464 |      77
ILD                            | 0.095812 |     179
Infiltration                   | 0.105979 |     242
Lung Opacity                   | 0.084919 |     442
No Finding                     | 0.981685 |    2146
Nodule/Mass                    | 0.043157 |     394
Other lesion                   | 0.019402 |     418
Pleural effusion               | 0.202813 |     454
Pleural thickening             | 0.111622 |     931
Pneumothorax                   | 0.030405 |      37
Pulmonary fibrosis             | 0.094420 |     819
mAP: 0.190908
mean_ap : 0.19090806132639876
average_precisions : {'Aortic enlargement': (0.4500134254321702, 1045.0), 'Atelectasis': (0.06886446886446887, 39.0), 'Calcification': (0.01644146602178976, 159.0), 'Cardiomegaly': (0.4326225531220922, 731.0), 'Consolidation': (0.12546429944389126, 77.0), 'ILD': (0.09581214101077012, 179.0), 'Infiltration': (0.10597858678481943, 242.0), 'Lung Opacity': (0.08491932816792602, 442.0), 'No Finding': (0.981684603883749, 2146.0), 'Nodule/Mass': (0.04315738104702407, 394.0), 'Other lesion': (0.01940211202383469, 418.0), 'Pleural effusion': (0.20281301008671548, 454.0), 'Pleural thickening': (0.11162176595912471, 931.0), 'Pneumothorax': (0.030405405405405407, 37.0), 'Pulmonary fibrosis': (0.09442037264220071, 819.0)}
|EPOCH 59| TRAIN_LOSS 0.21073006689548493| VALID_LOSS 0.7310578187480569|
|EPOCH 60| TRAIN_LOSS 0.20967345555277112| VALID_LOSS 0.7310578187480569|
Number of files in annotations: 3000
Number of files in predictions: 2999
Unique classes: 15
Detections length: 2999
Annotations length: 3000
Aortic enlargement             | 0.449517 |    1045
Atelectasis                    | 0.072464 |      39
Calcification                  | 0.015843 |     159
Cardiomegaly                   | 0.436171 |     731
Consolidation                  | 0.097878 |      77
ILD                            | 0.098943 |     179
Infiltration                   | 0.119812 |     242
Lung Opacity                   | 0.075504 |     442
No Finding                     | 0.981213 |    2146
Nodule/Mass                    | 0.044568 |     394
Other lesion                   | 0.022855 |     418
Pleural effusion               | 0.220334 |     454
Pleural thickening             | 0.108545 |     931
Pneumothorax                   | 0.030405 |      37
Pulmonary fibrosis             | 0.091932 |     819
mAP: 0.191066
mean_ap : 0.19106558586316896
average_precisions : {'Aortic enlargement': (0.4495167532708828, 1045.0), 'Atelectasis': (0.07246376811594203, 39.0), 'Calcification': (0.015843449200874642, 159.0), 'Cardiomegaly': (0.4361714170542897, 731.0), 'Consolidation': (0.09787831216402644, 77.0), 'ILD': (0.09894251155579738, 179.0), 'Infiltration': (0.11981152690683755, 242.0), 'Lung Opacity': (0.0755036217806923, 442.0), 'No Finding': (0.9812125998135786, 2146.0), 'Nodule/Mass': (0.04456817183643799, 394.0), 'Other lesion': (0.022855335630614787, 418.0), 'Pleural effusion': (0.2203339482841964, 454.0), 'Pleural thickening': (0.10854514460635081, 931.0), 'Pneumothorax': (0.030405405405405407, 37.0), 'Pulmonary fibrosis': (0.09193182232160785, 819.0)}
|EPOCH 61| TRAIN_LOSS 0.2092583945334459| VALID_LOSS 0.7368648441657424|
|EPOCH 62| TRAIN_LOSS 0.2076688308859817| VALID_LOSS 0.7368648441657424|
Number of files in annotations: 3000
Number of files in predictions: 2999
Unique classes: 15
Detections length: 2999
Annotations length: 3000
Aortic enlargement             | 0.455421 |    1045
Atelectasis                    | 0.073718 |      39
Calcification                  | 0.018146 |     159
Cardiomegaly                   | 0.434395 |     731
Consolidation                  | 0.113717 |      77
ILD                            | 0.088280 |     179
Infiltration                   | 0.111073 |     242
Lung Opacity                   | 0.081913 |     442
No Finding                     | 0.978700 |    2146
Nodule/Mass                    | 0.043706 |     394
Other lesion                   | 0.023472 |     418
Pleural effusion               | 0.208743 |     454
Pleural thickening             | 0.108653 |     931
Pneumothorax                   | 0.027027 |      37
Pulmonary fibrosis             | 0.093159 |     819
mAP: 0.190675
mean_ap : 0.19067478374985172
average_precisions : {'Aortic enlargement': (0.4554206229402087, 1045.0), 'Atelectasis': (0.07371794871794872, 39.0), 'Calcification': (0.018145724468134262, 159.0), 'Cardiomegaly': (0.43439455860632803, 731.0), 'Consolidation': (0.11371731566354712, 77.0), 'ILD': (0.08828017921196307, 179.0), 'Infiltration': (0.11107276243695813, 242.0), 'Lung Opacity': (0.08191348702479039, 442.0), 'No Finding': (0.9786999686470089, 2146.0), 'Nodule/Mass': (0.04370553900631538, 394.0), 'Other lesion': (0.02347239123566682, 418.0), 'Pleural effusion': (0.20874251901402352, 454.0), 'Pleural thickening': (0.10865300893420232, 931.0), 'Pneumothorax': (0.02702702702702703, 37.0), 'Pulmonary fibrosis': (0.09315870331365339, 819.0)}
|EPOCH 63| TRAIN_LOSS 0.20710366361129742| VALID_LOSS 0.7422099495977164|
|EPOCH 64| TRAIN_LOSS 0.20523262128341369| VALID_LOSS 0.7422099495977164|
Number of files in annotations: 3000
Number of files in predictions: 2999
Unique classes: 15
Detections length: 2999
Annotations length: 3000
Aortic enlargement             | 0.453050 |    1045
Atelectasis                    | 0.072105 |      39
Calcification                  | 0.019815 |     159
Cardiomegaly                   | 0.427456 |     731
Consolidation                  | 0.110080 |      77
ILD                            | 0.094610 |     179
Infiltration                   | 0.103452 |     242
Lung Opacity                   | 0.081407 |     442
No Finding                     | 0.980880 |    2146
Nodule/Mass                    | 0.045895 |     394
Other lesion                   | 0.020807 |     418
Pleural effusion               | 0.208531 |     454
Pleural thickening             | 0.106165 |     931
Pneumothorax                   | 0.030405 |      37
Pulmonary fibrosis             | 0.096833 |     819
mAP: 0.190099
mean_ap : 0.19009935193410313
average_precisions : {'Aortic enlargement': (0.453049668291211, 1045.0), 'Atelectasis': (0.07210481825866441, 39.0), 'Calcification': (0.019814502414649902, 159.0), 'Cardiomegaly': (0.42745566227179055, 731.0), 'Consolidation': (0.11008003681800473, 77.0), 'ILD': (0.09460971265090715, 179.0), 'Infiltration': (0.10345186438882968, 242.0), 'Lung Opacity': (0.0814071996769636, 442.0), 'No Finding': (0.9808798270730454, 2146.0), 'Nodule/Mass': (0.045894811138248205, 394.0), 'Other lesion': (0.020807483767420226, 418.0), 'Pleural effusion': (0.20853112356894254, 454.0), 'Pleural thickening': (0.10616526064766792, 931.0), 'Pneumothorax': (0.030405405405405407, 37.0), 'Pulmonary fibrosis': (0.0968329026397968, 819.0)}
|EPOCH 65| TRAIN_LOSS 0.20621435661406184| VALID_LOSS 0.7201059589708845|
|EPOCH 66| TRAIN_LOSS 0.20429384482469268| VALID_LOSS 0.7201059589708845|
Number of files in annotations: 3000
Number of files in predictions: 3000
Unique classes: 15
Detections length: 3000
Annotations length: 3000
Aortic enlargement             | 0.455258 |    1045
Atelectasis                    | 0.063492 |      39
Calcification                  | 0.015805 |     159
Cardiomegaly                   | 0.431193 |     731
Consolidation                  | 0.104900 |      77
ILD                            | 0.091452 |     179
Infiltration                   | 0.106196 |     242
Lung Opacity                   | 0.086551 |     442
No Finding                     | 0.981891 |    2146
Nodule/Mass                    | 0.042016 |     394
Other lesion                   | 0.023674 |     418
Pleural effusion               | 0.200061 |     454
Pleural thickening             | 0.109202 |     931
Pneumothorax                   | 0.041108 |      37
Pulmonary fibrosis             | 0.093454 |     819
mAP: 0.189750
mean_ap : 0.18975012934190671
average_precisions : {'Aortic enlargement': (0.4552575026917598, 1045.0), 'Atelectasis': (0.06349206349206349, 39.0), 'Calcification': (0.015804664328705715, 159.0), 'Cardiomegaly': (0.43119333493579515, 731.0), 'Consolidation': (0.10489964580873673, 77.0), 'ILD': (0.09145179840783682, 179.0), 'Infiltration': (0.10619562794537171, 242.0), 'Lung Opacity': (0.0865511824596808, 442.0), 'No Finding': (0.9818908682227576, 2146.0), 'Nodule/Mass': (0.04201631077659207, 394.0), 'Other lesion': (0.023673660353057086, 418.0), 'Pleural effusion': (0.2000610448986767, 454.0), 'Pleural thickening': (0.10920158395374902, 931.0), 'Pneumothorax': (0.041108335225982284, 37.0), 'Pulmonary fibrosis': (0.0934543166278358, 819.0)}
|EPOCH 67| TRAIN_LOSS 0.20339413496235814| VALID_LOSS 0.7421053423285484|
|EPOCH 68| TRAIN_LOSS 0.20250915666469016| VALID_LOSS 0.7421053423285484|
Number of files in annotations: 3000
Number of files in predictions: 3000
Unique classes: 15
Detections length: 3000
Annotations length: 3000
Aortic enlargement             | 0.447940 |    1045
Atelectasis                    | 0.057582 |      39
Calcification                  | 0.012917 |     159
Cardiomegaly                   | 0.430925 |     731
Consolidation                  | 0.110534 |      77
ILD                            | 0.093531 |     179
Infiltration                   | 0.106936 |     242
Lung Opacity                   | 0.084363 |     442
No Finding                     | 0.981271 |    2146
Nodule/Mass                    | 0.049748 |     394
Other lesion                   | 0.024686 |     418
Pleural effusion               | 0.205468 |     454
Pleural thickening             | 0.109822 |     931
Pneumothorax                   | 0.035553 |      37
Pulmonary fibrosis             | 0.092990 |     819
mAP: 0.189618
mean_ap : 0.189617831184175
average_precisions : {'Aortic enlargement': (0.4479399612421381, 1045.0), 'Atelectasis': (0.057582417582417576, 39.0), 'Calcification': (0.012917161568367828, 159.0), 'Cardiomegaly': (0.43092519844468563, 731.0), 'Consolidation': (0.11053367628042954, 77.0), 'ILD': (0.09353114211245331, 179.0), 'Infiltration': (0.10693582340263928, 242.0), 'Lung Opacity': (0.08436268461133506, 442.0), 'No Finding': (0.981271274835396, 2146.0), 'Nodule/Mass': (0.04974791144727862, 394.0), 'Other lesion': (0.02468637028806253, 418.0), 'Pleural effusion': (0.20546819153010493, 454.0), 'Pleural thickening': (0.10982192035173746, 931.0), 'Pneumothorax': (0.035553410553410554, 37.0), 'Pulmonary fibrosis': (0.0929903235121684, 819.0)}
|EPOCH 69| TRAIN_LOSS 0.20206868552172985| VALID_LOSS 0.7425834096670151|
|EPOCH 70| TRAIN_LOSS 0.20124815030587623| VALID_LOSS 0.7425834096670151|
Number of files in annotations: 3000
Number of files in predictions: 3000
Unique classes: 15
Detections length: 3000
Annotations length: 3000
Aortic enlargement             | 0.449380 |    1045
Atelectasis                    | 0.057582 |      39
Calcification                  | 0.018035 |     159
Cardiomegaly                   | 0.425845 |     731
Consolidation                  | 0.104837 |      77
ILD                            | 0.092468 |     179
Infiltration                   | 0.115922 |     242
Lung Opacity                   | 0.084102 |     442
No Finding                     | 0.980063 |    2146
Nodule/Mass                    | 0.052115 |     394
Other lesion                   | 0.023245 |     418
Pleural effusion               | 0.204758 |     454
Pleural thickening             | 0.110576 |     931
Pneumothorax                   | 0.030405 |      37
Pulmonary fibrosis             | 0.089515 |     819
mAP: 0.189257
mean_ap : 0.18925667837354085
average_precisions : {'Aortic enlargement': (0.44938028480114167, 1045.0), 'Atelectasis': (0.057582417582417576, 39.0), 'Calcification': (0.018035173538318194, 159.0), 'Cardiomegaly': (0.4258450911920093, 731.0), 'Consolidation': (0.10483728376440338, 77.0), 'ILD': (0.09246832313167827, 179.0), 'Infiltration': (0.11592221998991292, 242.0), 'Lung Opacity': (0.08410217278397918, 442.0), 'No Finding': (0.9800631448494057, 2146.0), 'Nodule/Mass': (0.052115249647244795, 394.0), 'Other lesion': (0.023245259540851007, 418.0), 'Pleural effusion': (0.20475765922952516, 454.0), 'Pleural thickening': (0.1105759202668211, 931.0), 'Pneumothorax': (0.030405405405405407, 37.0), 'Pulmonary fibrosis': (0.08951456987999887, 819.0)}
|EPOCH 71| TRAIN_LOSS 0.20071164069858452| VALID_LOSS 0.726518275141716|
|EPOCH 72| TRAIN_LOSS 0.20059854920568446| VALID_LOSS 0.726518275141716|
Number of files in annotations: 3000
Number of files in predictions: 2999
Unique classes: 15
Detections length: 2999
Annotations length: 3000
Aortic enlargement             | 0.447464 |    1045
Atelectasis                    | 0.071556 |      39
Calcification                  | 0.017687 |     159
Cardiomegaly                   | 0.429403 |     731
Consolidation                  | 0.112444 |      77
ILD                            | 0.097260 |     179
Infiltration                   | 0.105997 |     242
Lung Opacity                   | 0.081360 |     442
No Finding                     | 0.980495 |    2146
Nodule/Mass                    | 0.047701 |     394
Other lesion                   | 0.023533 |     418
Pleural effusion               | 0.204650 |     454
Pleural thickening             | 0.103895 |     931
Pneumothorax                   | 0.030405 |      37
Pulmonary fibrosis             | 0.094605 |     819
mAP: 0.189897
mean_ap : 0.18989708899746854
average_precisions : {'Aortic enlargement': (0.4474637127871187, 1045.0), 'Atelectasis': (0.07155625965694616, 39.0), 'Calcification': (0.01768723081031439, 159.0), 'Cardiomegaly': (0.42940261655106315, 731.0), 'Consolidation': (0.11244367877020939, 77.0), 'ILD': (0.09725976164330266, 179.0), 'Infiltration': (0.10599737019923577, 242.0), 'Lung Opacity': (0.08136044445515672, 442.0), 'No Finding': (0.9804951075471169, 2146.0), 'Nodule/Mass': (0.04770109460267798, 394.0), 'Other lesion': (0.02353320220641311, 418.0), 'Pleural effusion': (0.20465019734536613, 454.0), 'Pleural thickening': (0.10389515868083019, 931.0), 'Pneumothorax': (0.030405405405405407, 37.0), 'Pulmonary fibrosis': (0.09460509430087116, 819.0)}
|EPOCH 73| TRAIN_LOSS 0.19979023984812486| VALID_LOSS 0.7472373378574848|
|EPOCH 74| TRAIN_LOSS 0.19912284249260734| VALID_LOSS 0.7472373378574848|
Number of files in annotations: 3000
Number of files in predictions: 3000
Unique classes: 15
Detections length: 3000
Annotations length: 3000
Aortic enlargement             | 0.450773 |    1045
Atelectasis                    | 0.071375 |      39
Calcification                  | 0.015554 |     159
Cardiomegaly                   | 0.425821 |     731
Consolidation                  | 0.117844 |      77
ILD                            | 0.098362 |     179
Infiltration                   | 0.118198 |     242
Lung Opacity                   | 0.083301 |     442
No Finding                     | 0.978940 |    2146
Nodule/Mass                    | 0.047915 |     394
Other lesion                   | 0.022543 |     418
Pleural effusion               | 0.198988 |     454
Pleural thickening             | 0.108226 |     931
Pneumothorax                   | 0.023810 |      37
Pulmonary fibrosis             | 0.090809 |     819
mAP: 0.190164
mean_ap : 0.19016397243653707
average_precisions : {'Aortic enlargement': (0.450772643886028, 1045.0), 'Atelectasis': (0.07137548441896269, 39.0), 'Calcification': (0.015554012790477105, 159.0), 'Cardiomegaly': (0.4258211639956374, 731.0), 'Consolidation': (0.11784375884265356, 77.0), 'ILD': (0.09836245902644267, 179.0), 'Infiltration': (0.1181982518533676, 242.0), 'Lung Opacity': (0.08330069234331741, 442.0), 'No Finding': (0.9789404231500458, 2146.0), 'Nodule/Mass': (0.04791467924456485, 394.0), 'Other lesion': (0.022543400024555377, 418.0), 'Pleural effusion': (0.19898750205282711, 454.0), 'Pleural thickening': (0.10822619959938647, 931.0), 'Pneumothorax': (0.023809523809523808, 37.0), 'Pulmonary fibrosis': (0.09080939151026624, 819.0)}
|EPOCH 75| TRAIN_LOSS 0.19909166085999458| VALID_LOSS 0.7280131751870116|
|EPOCH 76| TRAIN_LOSS 0.19867571365768807| VALID_LOSS 0.7280131751870116|
Number of files in annotations: 3000
Number of files in predictions: 3000
Unique classes: 15
Detections length: 3000
Annotations length: 3000
Aortic enlargement             | 0.450870 |    1045
Atelectasis                    | 0.071986 |      39
Calcification                  | 0.016602 |     159
Cardiomegaly                   | 0.422963 |     731
Consolidation                  | 0.110019 |      77
ILD                            | 0.094573 |     179
Infiltration                   | 0.112379 |     242
Lung Opacity                   | 0.076469 |     442
No Finding                     | 0.979918 |    2146
Nodule/Mass                    | 0.046619 |     394
Other lesion                   | 0.022109 |     418
Pleural effusion               | 0.200028 |     454
Pleural thickening             | 0.107107 |     931
Pneumothorax                   | 0.021236 |      37
Pulmonary fibrosis             | 0.091269 |     819
mAP: 0.188277
mean_ap : 0.18827653482836013
average_precisions : {'Aortic enlargement': (0.45087027262232016, 1045.0), 'Atelectasis': (0.0719859850294633, 39.0), 'Calcification': (0.016602275912703097, 159.0), 'Cardiomegaly': (0.42296329725921433, 731.0), 'Consolidation': (0.11001945899905083, 77.0), 'ILD': (0.0945733389569841, 179.0), 'Infiltration': (0.11237866635599726, 242.0), 'Lung Opacity': (0.07646862405487755, 442.0), 'No Finding': (0.979918163743039, 2146.0), 'Nodule/Mass': (0.04661896259230063, 394.0), 'Other lesion': (0.02210941904915432, 418.0), 'Pleural effusion': (0.2000280037397229, 454.0), 'Pleural thickening': (0.10710697881599743, 931.0), 'Pneumothorax': (0.021235521235521235, 37.0), 'Pulmonary fibrosis': (0.09126905405905536, 819.0)}
|EPOCH 77| TRAIN_LOSS 0.19779734807984473| VALID_LOSS 0.7456083837101857|
|EPOCH 78| TRAIN_LOSS 0.19776321115652815| VALID_LOSS 0.7456083837101857|
Number of files in annotations: 3000
Number of files in predictions: 2999
Unique classes: 15
Detections length: 2999
Annotations length: 3000
Aortic enlargement             | 0.445802 |    1045
Atelectasis                    | 0.073358 |      39
Calcification                  | 0.020845 |     159
Cardiomegaly                   | 0.422413 |     731
Consolidation                  | 0.106321 |      77
ILD                            | 0.108957 |     179
Infiltration                   | 0.119259 |     242
Lung Opacity                   | 0.079938 |     442
No Finding                     | 0.978698 |    2146
Nodule/Mass                    | 0.052186 |     394
Other lesion                   | 0.023284 |     418
Pleural effusion               | 0.210322 |     454
Pleural thickening             | 0.106689 |     931
Pneumothorax                   | 0.030405 |      37
Pulmonary fibrosis             | 0.090750 |     819
mAP: 0.191282
mean_ap : 0.1912817705188748
average_precisions : {'Aortic enlargement': (0.445801553183473, 1045.0), 'Atelectasis': (0.07335775335775337, 39.0), 'Calcification': (0.020844871972609993, 159.0), 'Cardiomegaly': (0.42241331800269716, 731.0), 'Consolidation': (0.1063211434474046, 77.0), 'ILD': (0.10895685280630661, 179.0), 'Infiltration': (0.1192587638566008, 242.0), 'Lung Opacity': (0.07993786932829218, 442.0), 'No Finding': (0.978698025528224, 2146.0), 'Nodule/Mass': (0.05218596382122109, 394.0), 'Other lesion': (0.023283790362254777, 418.0), 'Pleural effusion': (0.21032197401526115, 454.0), 'Pleural thickening': (0.10668913880268116, 931.0), 'Pneumothorax': (0.030405405405405407, 37.0), 'Pulmonary fibrosis': (0.09075013389293682, 819.0)}
|EPOCH 79| TRAIN_LOSS 0.1976057033435119| VALID_LOSS 0.7297294550488392|
|EPOCH 80| TRAIN_LOSS 0.1965522029755028| VALID_LOSS 0.7297294550488392|
Number of files in annotations: 3000
Number of files in predictions: 3000
Unique classes: 15
Detections length: 3000
Annotations length: 3000
Aortic enlargement             | 0.449413 |    1045
Atelectasis                    | 0.073358 |      39
Calcification                  | 0.017530 |     159
Cardiomegaly                   | 0.427661 |     731
Consolidation                  | 0.100690 |      77
ILD                            | 0.106435 |     179
Infiltration                   | 0.113022 |     242
Lung Opacity                   | 0.076622 |     442
No Finding                     | 0.980070 |    2146
Nodule/Mass                    | 0.052106 |     394
Other lesion                   | 0.022669 |     418
Pleural effusion               | 0.211094 |     454
Pleural thickening             | 0.105592 |     931
Pneumothorax                   | 0.030405 |      37
Pulmonary fibrosis             | 0.092333 |     819
mAP: 0.190600
mean_ap : 0.19060002134518733
average_precisions : {'Aortic enlargement': (0.4494134799091754, 1045.0), 'Atelectasis': (0.07335775335775337, 39.0), 'Calcification': (0.017529773156126388, 159.0), 'Cardiomegaly': (0.42766110618367803, 731.0), 'Consolidation': (0.10068954465179357, 77.0), 'ILD': (0.10643506773247384, 179.0), 'Infiltration': (0.11302187163682514, 242.0), 'Lung Opacity': (0.07662190919212078, 442.0), 'No Finding': (0.9800700265627404, 2146.0), 'Nodule/Mass': (0.05210648942359275, 394.0), 'Other lesion': (0.02266892584727431, 418.0), 'Pleural effusion': (0.2110936499623265, 454.0), 'Pleural thickening': (0.10559198803234769, 931.0), 'Pneumothorax': (0.030405405405405407, 37.0), 'Pulmonary fibrosis': (0.09233332912417627, 819.0)}
|EPOCH 81| TRAIN_LOSS 0.19626029719858287| VALID_LOSS 0.7351126087233424|
|EPOCH 82| TRAIN_LOSS 0.19653045658666926| VALID_LOSS 0.7351126087233424|
Number of files in annotations: 3000
Number of files in predictions: 3000
Unique classes: 15
Detections length: 3000
Annotations length: 3000
Aortic enlargement             | 0.445425 |    1045
Atelectasis                    | 0.066850 |      39
Calcification                  | 0.013270 |     159
Cardiomegaly                   | 0.429048 |     731
Consolidation                  | 0.115463 |      77
ILD                            | 0.102473 |     179
Infiltration                   | 0.107613 |     242
Lung Opacity                   | 0.080476 |     442
No Finding                     | 0.979380 |    2146
Nodule/Mass                    | 0.047035 |     394
Other lesion                   | 0.025125 |     418
Pleural effusion               | 0.214494 |     454
Pleural thickening             | 0.107829 |     931
Pneumothorax                   | 0.021681 |      37
Pulmonary fibrosis             | 0.089846 |     819
mAP: 0.189734
mean_ap : 0.18973391421647445
average_precisions : {'Aortic enlargement': (0.44542450029840375, 1045.0), 'Atelectasis': (0.06684981684981685, 39.0), 'Calcification': (0.013270207015211494, 159.0), 'Cardiomegaly': (0.42904803358453225, 731.0), 'Consolidation': (0.1154634319044377, 77.0), 'ILD': (0.10247341501759578, 179.0), 'Infiltration': (0.10761340292772684, 242.0), 'Lung Opacity': (0.08047574370304413, 442.0), 'No Finding': (0.9793802862544512, 2146.0), 'Nodule/Mass': (0.04703511665928027, 394.0), 'Other lesion': (0.025124873910973563, 418.0), 'Pleural effusion': (0.2144939285420801, 454.0), 'Pleural thickening': (0.10782893703184475, 931.0), 'Pneumothorax': (0.02168102168102168, 37.0), 'Pulmonary fibrosis': (0.08984599786669634, 819.0)}
|EPOCH 83| TRAIN_LOSS 0.19651371832901182| VALID_LOSS 0.7316442534898718|
|EPOCH 84| TRAIN_LOSS 0.19544962750962722| VALID_LOSS 0.7316442534898718|
Number of files in annotations: 3000
Number of files in predictions: 3000
Unique classes: 15
Detections length: 3000
Annotations length: 3000
Aortic enlargement             | 0.450788 |    1045
Atelectasis                    | 0.075702 |      39
Calcification                  | 0.014615 |     159
Cardiomegaly                   | 0.428564 |     731
Consolidation                  | 0.121186 |      77
ILD                            | 0.099051 |     179
Infiltration                   | 0.108681 |     242
Lung Opacity                   | 0.083371 |     442
No Finding                     | 0.980406 |    2146
Nodule/Mass                    | 0.050127 |     394
Other lesion                   | 0.021656 |     418
Pleural effusion               | 0.211959 |     454
Pleural thickening             | 0.108996 |     931
Pneumothorax                   | 0.034749 |      37
Pulmonary fibrosis             | 0.087165 |     819
mAP: 0.191801
mean_ap : 0.1918009926335798
average_precisions : {'Aortic enlargement': (0.4507878727460163, 1045.0), 'Atelectasis': (0.07570207570207571, 39.0), 'Calcification': (0.014615047437374481, 159.0), 'Cardiomegaly': (0.4285636586240661, 731.0), 'Consolidation': (0.12118561710398446, 77.0), 'ILD': (0.09905094409184695, 179.0), 'Infiltration': (0.10868123937826435, 242.0), 'Lung Opacity': (0.08337121072705071, 442.0), 'No Finding': (0.9804056690839872, 2146.0), 'Nodule/Mass': (0.05012655564268444, 394.0), 'Other lesion': (0.02165610036709971, 418.0), 'Pleural effusion': (0.21195938940184872, 454.0), 'Pleural thickening': (0.10899565537120298, 931.0), 'Pneumothorax': (0.03474903474903475, 37.0), 'Pulmonary fibrosis': (0.08716481907716007, 819.0)}
|EPOCH 85| TRAIN_LOSS 0.19445131729858425| VALID_LOSS 0.7405282707537214|
|EPOCH 86| TRAIN_LOSS 0.19461821273972207| VALID_LOSS 0.7405282707537214|
Number of files in annotations: 3000
Number of files in predictions: 3000
Unique classes: 15
Detections length: 3000
Annotations length: 3000
Aortic enlargement             | 0.444528 |    1045
Atelectasis                    | 0.071429 |      39
Calcification                  | 0.016869 |     159
Cardiomegaly                   | 0.422797 |     731
Consolidation                  | 0.112886 |      77
ILD                            | 0.097100 |     179
Infiltration                   | 0.107813 |     242
Lung Opacity                   | 0.076002 |     442
No Finding                     | 0.979942 |    2146
Nodule/Mass                    | 0.051334 |     394
Other lesion                   | 0.022755 |     418
Pleural effusion               | 0.211815 |     454
Pleural thickening             | 0.105629 |     931
Pneumothorax                   | 0.027027 |      37
Pulmonary fibrosis             | 0.090208 |     819
mAP: 0.189209
mean_ap : 0.18920894093243812
average_precisions : {'Aortic enlargement': (0.4445283484049706, 1045.0), 'Atelectasis': (0.07142857142857142, 39.0), 'Calcification': (0.01686871331582827, 159.0), 'Cardiomegaly': (0.42279696030095926, 731.0), 'Consolidation': (0.1128863776915725, 77.0), 'ILD': (0.09710048857547031, 179.0), 'Infiltration': (0.10781341513339743, 242.0), 'Lung Opacity': (0.07600166448360945, 442.0), 'No Finding': (0.9799420357345251, 2146.0), 'Nodule/Mass': (0.051333614348969235, 394.0), 'Other lesion': (0.022755352042473462, 418.0), 'Pleural effusion': (0.2118153598884116, 454.0), 'Pleural thickening': (0.1056286753598803, 931.0), 'Pneumothorax': (0.02702702702702703, 37.0), 'Pulmonary fibrosis': (0.09020751025090604, 819.0)}
|EPOCH 87| TRAIN_LOSS 0.19471521088495278| VALID_LOSS 0.7415036065777143|
|EPOCH 88| TRAIN_LOSS 0.19470669915183234| VALID_LOSS 0.7415036065777143|
Number of files in annotations: 3000
Number of files in predictions: 3000
Unique classes: 15
Detections length: 3000
Annotations length: 3000
Aortic enlargement             | 0.447840 |    1045
Atelectasis                    | 0.072550 |      39
Calcification                  | 0.012185 |     159
Cardiomegaly                   | 0.423524 |     731
Consolidation                  | 0.128262 |      77
ILD                            | 0.099896 |     179
Infiltration                   | 0.104101 |     242
Lung Opacity                   | 0.082442 |     442
No Finding                     | 0.980523 |    2146
Nodule/Mass                    | 0.047038 |     394
Other lesion                   | 0.023170 |     418
Pleural effusion               | 0.215355 |     454
Pleural thickening             | 0.106821 |     931
Pneumothorax                   | 0.027027 |      37
Pulmonary fibrosis             | 0.092086 |     819
mAP: 0.190855
mean_ap : 0.19085453114220524
average_precisions : {'Aortic enlargement': (0.4478400766963285, 1045.0), 'Atelectasis': (0.07254952405454079, 39.0), 'Calcification': (0.012184555486442279, 159.0), 'Cardiomegaly': (0.4235235577115505, 731.0), 'Consolidation': (0.1282622139764997, 77.0), 'ILD': (0.09989608689846707, 179.0), 'Infiltration': (0.10410061813144365, 242.0), 'Lung Opacity': (0.08244233171922707, 442.0), 'No Finding': (0.9805227994744607, 2146.0), 'Nodule/Mass': (0.04703757215826252, 394.0), 'Other lesion': (0.02316985847117103, 418.0), 'Pleural effusion': (0.21535481250763328, 454.0), 'Pleural thickening': (0.10682066639620864, 931.0), 'Pneumothorax': (0.02702702702702703, 37.0), 'Pulmonary fibrosis': (0.09208626642381568, 819.0)}
|EPOCH 89| TRAIN_LOSS 0.1939884081411247| VALID_LOSS 0.7402938495725393|
|EPOCH 90| TRAIN_LOSS 0.1938697963899288| VALID_LOSS 0.7402938495725393|
Number of files in annotations: 3000
Number of files in predictions: 3000
Unique classes: 15
Detections length: 3000
Annotations length: 3000
Aortic enlargement             | 0.446859 |    1045
Atelectasis                    | 0.068681 |      39
Calcification                  | 0.012378 |     159
Cardiomegaly                   | 0.428320 |     731
Consolidation                  | 0.114495 |      77
ILD                            | 0.095941 |     179
Infiltration                   | 0.116475 |     242
Lung Opacity                   | 0.078731 |     442
No Finding                     | 0.979284 |    2146
Nodule/Mass                    | 0.046840 |     394
Other lesion                   | 0.022418 |     418
Pleural effusion               | 0.205922 |     454
Pleural thickening             | 0.107629 |     931
Pneumothorax                   | 0.034749 |      37
Pulmonary fibrosis             | 0.089542 |     819
mAP: 0.189884
mean_ap : 0.18988433524567766
average_precisions : {'Aortic enlargement': (0.4468585344231614, 1045.0), 'Atelectasis': (0.06868131868131869, 39.0), 'Calcification': (0.012378269624060714, 159.0), 'Cardiomegaly': (0.4283200255516505, 731.0), 'Consolidation': (0.11449493882239709, 77.0), 'ILD': (0.09594080944415713, 179.0), 'Infiltration': (0.11647519982383442, 242.0), 'Lung Opacity': (0.07873127093097047, 442.0), 'No Finding': (0.9792844366259431, 2146.0), 'Nodule/Mass': (0.04683975875349645, 394.0), 'Other lesion': (0.022417552526322118, 418.0), 'Pleural effusion': (0.2059220576810814, 454.0), 'Pleural thickening': (0.10762947809475383, 931.0), 'Pneumothorax': (0.03474903474903475, 37.0), 'Pulmonary fibrosis': (0.08954234295298318, 819.0)}
|EPOCH 91| TRAIN_LOSS 0.193704050537557| VALID_LOSS 0.7372811361004908|
|EPOCH 92| TRAIN_LOSS 0.19398340783395374| VALID_LOSS 0.7372811361004908|
Number of files in annotations: 3000
Number of files in predictions: 3000
Unique classes: 15
Detections length: 3000
Annotations length: 3000
Aortic enlargement             | 0.447487 |    1045
Atelectasis                    | 0.071429 |      39
Calcification                  | 0.015020 |     159
Cardiomegaly                   | 0.423674 |     731
Consolidation                  | 0.105193 |      77
ILD                            | 0.097530 |     179
Infiltration                   | 0.106762 |     242
Lung Opacity                   | 0.079436 |     442
No Finding                     | 0.979791 |    2146
Nodule/Mass                    | 0.048672 |     394
Other lesion                   | 0.022765 |     418
Pleural effusion               | 0.216028 |     454
Pleural thickening             | 0.107254 |     931
Pneumothorax                   | 0.030405 |      37
Pulmonary fibrosis             | 0.093921 |     819
mAP: 0.189691
mean_ap : 0.18969115987469642
average_precisions : {'Aortic enlargement': (0.44748687000588955, 1045.0), 'Atelectasis': (0.07142857142857142, 39.0), 'Calcification': (0.015019682167795126, 159.0), 'Cardiomegaly': (0.42367381743002297, 731.0), 'Consolidation': (0.10519332244749684, 77.0), 'ILD': (0.09753013177273631, 179.0), 'Infiltration': (0.10676192848704087, 242.0), 'Lung Opacity': (0.07943631185462502, 442.0), 'No Finding': (0.9797905679574904, 2146.0), 'Nodule/Mass': (0.048671703286640666, 394.0), 'Other lesion': (0.0227653216886189, 418.0), 'Pleural effusion': (0.21602808267010404, 454.0), 'Pleural thickening': (0.10725448195399613, 931.0), 'Pneumothorax': (0.030405405405405407, 37.0), 'Pulmonary fibrosis': (0.0939211995640124, 819.0)}
|EPOCH 93| TRAIN_LOSS 0.19255654846962827| VALID_LOSS 0.7385597867816687|
|EPOCH 94| TRAIN_LOSS 0.19251180235475587| VALID_LOSS 0.7385597867816687|
Number of files in annotations: 3000
Number of files in predictions: 3000
Unique classes: 15
Detections length: 3000
Annotations length: 3000
Aortic enlargement             | 0.447039 |    1045
Atelectasis                    | 0.071429 |      39
Calcification                  | 0.011875 |     159
Cardiomegaly                   | 0.420785 |     731
Consolidation                  | 0.117274 |      77
ILD                            | 0.097862 |     179
Infiltration                   | 0.107098 |     242
Lung Opacity                   | 0.076829 |     442
No Finding                     | 0.979861 |    2146
Nodule/Mass                    | 0.050116 |     394
Other lesion                   | 0.021858 |     418
Pleural effusion               | 0.212450 |     454
Pleural thickening             | 0.107409 |     931
Pneumothorax                   | 0.030405 |      37
Pulmonary fibrosis             | 0.088686 |     819
mAP: 0.189398
mean_ap : 0.18939846076029748
average_precisions : {'Aortic enlargement': (0.4470387460879605, 1045.0), 'Atelectasis': (0.07142857142857142, 39.0), 'Calcification': (0.011874567387183892, 159.0), 'Cardiomegaly': (0.4207849675570632, 731.0), 'Consolidation': (0.11727441389779053, 77.0), 'ILD': (0.09786155982072936, 179.0), 'Infiltration': (0.10709825890786029, 242.0), 'Lung Opacity': (0.07682942307457896, 442.0), 'No Finding': (0.9798614617875488, 2146.0), 'Nodule/Mass': (0.05011556132354211, 394.0), 'Other lesion': (0.021858349169436492, 418.0), 'Pleural effusion': (0.2124503408115363, 454.0), 'Pleural thickening': (0.10740944271755029, 931.0), 'Pneumothorax': (0.030405405405405407, 37.0), 'Pulmonary fibrosis': (0.0886858420277046, 819.0)}
|EPOCH 95| TRAIN_LOSS 0.19276542905538988| VALID_LOSS 0.7404803445910414|
|EPOCH 96| TRAIN_LOSS 0.19268421683854495| VALID_LOSS 0.7404803445910414|
Number of files in annotations: 3000
Number of files in predictions: 3000
Unique classes: 15
Detections length: 3000
Annotations length: 3000
Aortic enlargement             | 0.446805 |    1045
Atelectasis                    | 0.069517 |      39
Calcification                  | 0.014279 |     159
Cardiomegaly                   | 0.426623 |     731
Consolidation                  | 0.115996 |      77
ILD                            | 0.100105 |     179
Infiltration                   | 0.105592 |     242
Lung Opacity                   | 0.078776 |     442
No Finding                     | 0.978711 |    2146
Nodule/Mass                    | 0.049562 |     394
Other lesion                   | 0.022310 |     418
Pleural effusion               | 0.211596 |     454
Pleural thickening             | 0.107332 |     931
Pneumothorax                   | 0.030405 |      37
Pulmonary fibrosis             | 0.089440 |     819
mAP: 0.189803
mean_ap : 0.18980330423188935
average_precisions : {'Aortic enlargement': (0.44680524541172884, 1045.0), 'Atelectasis': (0.06951743908265648, 39.0), 'Calcification': (0.014279312966281961, 159.0), 'Cardiomegaly': (0.4266225650202795, 731.0), 'Consolidation': (0.1159957814294549, 77.0), 'ILD': (0.10010525072814093, 179.0), 'Infiltration': (0.10559205053469183, 242.0), 'Lung Opacity': (0.07877598907907112, 442.0), 'No Finding': (0.9787110137515761, 2146.0), 'Nodule/Mass': (0.04956240429541321, 394.0), 'Other lesion': (0.02230985290334655, 418.0), 'Pleural effusion': (0.21159590850113735, 454.0), 'Pleural thickening': (0.10733179010083296, 931.0), 'Pneumothorax': (0.030405405405405407, 37.0), 'Pulmonary fibrosis': (0.08943955426832265, 819.0)}
|EPOCH 97| TRAIN_LOSS 0.19240653870824295| VALID_LOSS 0.7440513248965144|
|EPOCH 98| TRAIN_LOSS 0.19248223578772292| VALID_LOSS 0.7440513248965144|
Number of files in annotations: 3000
Number of files in predictions: 3000
Unique classes: 15
Detections length: 3000
Annotations length: 3000
Aortic enlargement             | 0.448560 |    1045
Atelectasis                    | 0.073791 |      39
Calcification                  | 0.013474 |     159
Cardiomegaly                   | 0.417490 |     731
Consolidation                  | 0.113158 |      77
ILD                            | 0.096980 |     179
Infiltration                   | 0.102276 |     242
Lung Opacity                   | 0.076424 |     442
No Finding                     | 0.979851 |    2146
Nodule/Mass                    | 0.050155 |     394
Other lesion                   | 0.021765 |     418
Pleural effusion               | 0.209395 |     454
Pleural thickening             | 0.105702 |     931
Pneumothorax                   | 0.024324 |      37
Pulmonary fibrosis             | 0.091689 |     819
mAP: 0.188336
mean_ap : 0.1883357135247792
average_precisions : {'Aortic enlargement': (0.44855986852598034, 1045.0), 'Atelectasis': (0.07379094335616075, 39.0), 'Calcification': (0.013474366304554983, 159.0), 'Cardiomegaly': (0.4174899587227683, 731.0), 'Consolidation': (0.1131579024281407, 77.0), 'ILD': (0.09698014883524111, 179.0), 'Infiltration': (0.10227643042638947, 242.0), 'Lung Opacity': (0.07642408126376894, 442.0), 'No Finding': (0.9798512842870386, 2146.0), 'Nodule/Mass': (0.05015473556479241, 394.0), 'Other lesion': (0.021765264441243996, 418.0), 'Pleural effusion': (0.209394987721373, 454.0), 'Pleural thickening': (0.1057021791110585, 931.0), 'Pneumothorax': (0.024324324324324326, 37.0), 'Pulmonary fibrosis': (0.09168922755885336, 819.0)}
|EPOCH 99| TRAIN_LOSS 0.1923070196653358| VALID_LOSS 0.7436675978377462|
|EPOCH 100| TRAIN_LOSS 0.19210676483075637| VALID_LOSS 0.7436675978377462|
